{
  "C:/Users/lesha/OneDrive/Документы/VSCode/react/RSSchoolReact/src/pages/AboutPage.tsx": {
    "path": "C:/Users/lesha/OneDrive/Документы/VSCode/react/RSSchoolReact/src/pages/AboutPage.tsx",
    "statementMap": {
      "0": {
        "start": {
          "line": 5,
          "column": 0
        },
        "end": {
          "line": 15,
          "column": 1
        }
      },
      "1": {
        "start": {
          "line": 6,
          "column": 2
        },
        "end": {
          "line": 8,
          "column": 3
        }
      },
      "2": {
        "start": {
          "line": 7,
          "column": 4
        },
        "end": {
          "line": 7,
          "column": 165
        }
      },
      "3": {
        "start": {
          "line": 9,
          "column": 2
        },
        "end": {
          "line": 9,
          "column": 39
        }
      },
      "4": {
        "start": {
          "line": 10,
          "column": 2
        },
        "end": {
          "line": 10,
          "column": 39
        }
      },
      "5": {
        "start": {
          "line": 11,
          "column": 2
        },
        "end": {
          "line": 13,
          "column": 4
        }
      },
      "6": {
        "start": {
          "line": 12,
          "column": 4
        },
        "end": {
          "line": 12,
          "column": 128
        }
      },
      "7": {
        "start": {
          "line": 14,
          "column": 2
        },
        "end": {
          "line": 14,
          "column": 75
        }
      },
      "8": {
        "start": {
          "line": 17,
          "column": 2
        },
        "end": {
          "line": 25,
          "column": 11
        }
      },
      "9": {
        "start": {
          "line": 27,
          "column": 0
        },
        "end": {
          "line": 27,
          "column": 15
        }
      },
      "10": {
        "start": {
          "line": 29,
          "column": 0
        },
        "end": {
          "line": 29,
          "column": 30
        }
      },
      "11": {
        "start": {
          "line": 30,
          "column": 0
        },
        "end": {
          "line": 46,
          "column": 1
        }
      },
      "12": {
        "start": {
          "line": 31,
          "column": 2
        },
        "end": {
          "line": 31,
          "column": 39
        }
      },
      "13": {
        "start": {
          "line": 32,
          "column": 2
        },
        "end": {
          "line": 32,
          "column": 39
        }
      },
      "14": {
        "start": {
          "line": 33,
          "column": 2
        },
        "end": {
          "line": 45,
          "column": 5
        }
      },
      "15": {
        "start": {
          "line": 37,
          "column": 4
        },
        "end": {
          "line": 37,
          "column": 154
        }
      },
      "16": {
        "start": {
          "line": 38,
          "column": 4
        },
        "end": {
          "line": 44,
          "column": 7
        }
      },
      "17": {
        "start": {
          "line": 39,
          "column": 6
        },
        "end": {
          "line": 40,
          "column": 15
        }
      },
      "18": {
        "start": {
          "line": 40,
          "column": 8
        },
        "end": {
          "line": 40,
          "column": 15
        }
      },
      "19": {
        "start": {
          "line": 41,
          "column": 32
        },
        "end": {
          "line": 41,
          "column": 115
        }
      },
      "20": {
        "start": {
          "line": 42,
          "column": 6
        },
        "end": {
          "line": 43,
          "column": 54
        }
      },
      "21": {
        "start": {
          "line": 43,
          "column": 8
        },
        "end": {
          "line": 43,
          "column": 54
        }
      }
    },
    "fnMap": {
      "0": {
        "name": "(anonymous_0)",
        "decl": {
          "start": {
            "line": 11,
            "column": 24
          },
          "end": {
            "line": 11,
            "column": 25
          }
        },
        "loc": {
          "start": {
            "line": 11,
            "column": 38
          },
          "end": {
            "line": 13,
            "column": 3
          }
        },
        "line": 11
      },
      "1": {
        "name": "AboutPage",
        "decl": {
          "start": {
            "line": 16,
            "column": 16
          },
          "end": {
            "line": 16,
            "column": 25
          }
        },
        "loc": {
          "start": {
            "line": 16,
            "column": 28
          },
          "end": {
            "line": 26,
            "column": 1
          }
        },
        "line": 16
      },
      "2": {
        "name": "(anonymous_2)",
        "decl": {
          "start": {
            "line": 36,
            "column": 9
          },
          "end": {
            "line": 36,
            "column": 10
          }
        },
        "loc": {
          "start": {
            "line": 36,
            "column": 29
          },
          "end": {
            "line": 45,
            "column": 3
          }
        },
        "line": 36
      },
      "3": {
        "name": "(anonymous_3)",
        "decl": {
          "start": {
            "line": 38,
            "column": 27
          },
          "end": {
            "line": 38,
            "column": 28
          }
        },
        "loc": {
          "start": {
            "line": 38,
            "column": 44
          },
          "end": {
            "line": 44,
            "column": 5
          }
        },
        "line": 38
      }
    },
    "branchMap": {
      "0": {
        "loc": {
          "start": {
            "line": 5,
            "column": 0
          },
          "end": {
            "line": 15,
            "column": 1
          }
        },
        "type": "if",
        "locations": [
          {
            "start": {
              "line": 5,
              "column": 0
            },
            "end": {
              "line": 15,
              "column": 1
            }
          },
          {
            "start": {},
            "end": {}
          }
        ],
        "line": 5
      },
      "1": {
        "loc": {
          "start": {
            "line": 6,
            "column": 2
          },
          "end": {
            "line": 8,
            "column": 3
          }
        },
        "type": "if",
        "locations": [
          {
            "start": {
              "line": 6,
              "column": 2
            },
            "end": {
              "line": 8,
              "column": 3
            }
          },
          {
            "start": {},
            "end": {}
          }
        ],
        "line": 6
      },
      "2": {
        "loc": {
          "start": {
            "line": 30,
            "column": 0
          },
          "end": {
            "line": 46,
            "column": 1
          }
        },
        "type": "if",
        "locations": [
          {
            "start": {
              "line": 30,
              "column": 0
            },
            "end": {
              "line": 46,
              "column": 1
            }
          },
          {
            "start": {},
            "end": {}
          }
        ],
        "line": 30
      },
      "3": {
        "loc": {
          "start": {
            "line": 39,
            "column": 6
          },
          "end": {
            "line": 40,
            "column": 15
          }
        },
        "type": "if",
        "locations": [
          {
            "start": {
              "line": 39,
              "column": 6
            },
            "end": {
              "line": 40,
              "column": 15
            }
          },
          {
            "start": {},
            "end": {}
          }
        ],
        "line": 39
      },
      "4": {
        "loc": {
          "start": {
            "line": 42,
            "column": 6
          },
          "end": {
            "line": 43,
            "column": 54
          }
        },
        "type": "if",
        "locations": [
          {
            "start": {
              "line": 42,
              "column": 6
            },
            "end": {
              "line": 43,
              "column": 54
            }
          },
          {
            "start": {},
            "end": {}
          }
        ],
        "line": 42
      }
    },
    "s": {
      "0": 5,
      "1": 5,
      "2": 0,
      "3": 5,
      "4": 5,
      "5": 5,
      "6": 5,
      "7": 5,
      "8": 1,
      "9": 5,
      "10": 5,
      "11": 5,
      "12": 5,
      "13": 5,
      "14": 5,
      "15": 2,
      "16": 2,
      "17": 0,
      "18": 0,
      "19": 0,
      "20": 0,
      "21": 0
    },
    "f": {
      "0": 5,
      "1": 1,
      "2": 2,
      "3": 0
    },
    "b": {
      "0": [
        5,
        0
      ],
      "1": [
        0,
        5
      ],
      "2": [
        5,
        0
      ],
      "3": [
        0,
        0
      ],
      "4": [
        0,
        0
      ]
    },
    "inputSourceMap": {
      "version": 3,
      "mappings": "AAKM;AALN,OAAOA,oBAAkB;AAAA;AAAA;AAAA;AAAA;AAAA;AAAA;AAAA;AAAA;AAAA;AAAA;AAAA;AAAA;AAAA;AAElB,gBAASC,YAAY;AAC1B,SACE,uBAAC,SACC,iCAAC,QAAG,sCAAJ;AAAA;AAAA;AAAA;AAAA,SAA0B,KAD5B;AAAA;AAAA;AAAA;AAAA,SAEA;AAEJ;AAACC,KANeD;AAAS;AAAAE",
      "names": [
        "React",
        "AboutPage",
        "_c",
        "$RefreshReg$"
      ],
      "sources": [
        "C:/Users/lesha/OneDrive/Документы/VSCode/react/RSSchoolReact/src/pages/AboutPage.tsx"
      ],
      "file": "C:/Users/lesha/OneDrive/Документы/VSCode/react/RSSchoolReact/src/pages/AboutPage.tsx"
    },
    "_coverageSchema": "1a1c01bbd47fc00a2c39e90264f33305004495a9",
    "hash": "befce2ec9798d7e7bb86764633e5131b6b71b90b"
  },
  "C:/Users/lesha/OneDrive/Документы/VSCode/react/RSSchoolReact/src/pages/ErrorPage.tsx": {
    "path": "C:/Users/lesha/OneDrive/Документы/VSCode/react/RSSchoolReact/src/pages/ErrorPage.tsx",
    "statementMap": {
      "0": {
        "start": {
          "line": 5,
          "column": 0
        },
        "end": {
          "line": 15,
          "column": 1
        }
      },
      "1": {
        "start": {
          "line": 6,
          "column": 2
        },
        "end": {
          "line": 8,
          "column": 3
        }
      },
      "2": {
        "start": {
          "line": 7,
          "column": 4
        },
        "end": {
          "line": 7,
          "column": 165
        }
      },
      "3": {
        "start": {
          "line": 9,
          "column": 2
        },
        "end": {
          "line": 9,
          "column": 39
        }
      },
      "4": {
        "start": {
          "line": 10,
          "column": 2
        },
        "end": {
          "line": 10,
          "column": 39
        }
      },
      "5": {
        "start": {
          "line": 11,
          "column": 2
        },
        "end": {
          "line": 13,
          "column": 4
        }
      },
      "6": {
        "start": {
          "line": 12,
          "column": 4
        },
        "end": {
          "line": 12,
          "column": 128
        }
      },
      "7": {
        "start": {
          "line": 14,
          "column": 2
        },
        "end": {
          "line": 14,
          "column": 75
        }
      },
      "8": {
        "start": {
          "line": 18,
          "column": 2
        },
        "end": {
          "line": 33,
          "column": 11
        }
      },
      "9": {
        "start": {
          "line": 35,
          "column": 0
        },
        "end": {
          "line": 35,
          "column": 15
        }
      },
      "10": {
        "start": {
          "line": 37,
          "column": 0
        },
        "end": {
          "line": 37,
          "column": 30
        }
      },
      "11": {
        "start": {
          "line": 38,
          "column": 0
        },
        "end": {
          "line": 54,
          "column": 1
        }
      },
      "12": {
        "start": {
          "line": 39,
          "column": 2
        },
        "end": {
          "line": 39,
          "column": 39
        }
      },
      "13": {
        "start": {
          "line": 40,
          "column": 2
        },
        "end": {
          "line": 40,
          "column": 39
        }
      },
      "14": {
        "start": {
          "line": 41,
          "column": 2
        },
        "end": {
          "line": 53,
          "column": 5
        }
      },
      "15": {
        "start": {
          "line": 45,
          "column": 4
        },
        "end": {
          "line": 45,
          "column": 154
        }
      },
      "16": {
        "start": {
          "line": 46,
          "column": 4
        },
        "end": {
          "line": 52,
          "column": 7
        }
      },
      "17": {
        "start": {
          "line": 47,
          "column": 6
        },
        "end": {
          "line": 48,
          "column": 15
        }
      },
      "18": {
        "start": {
          "line": 48,
          "column": 8
        },
        "end": {
          "line": 48,
          "column": 15
        }
      },
      "19": {
        "start": {
          "line": 49,
          "column": 32
        },
        "end": {
          "line": 49,
          "column": 115
        }
      },
      "20": {
        "start": {
          "line": 50,
          "column": 6
        },
        "end": {
          "line": 51,
          "column": 54
        }
      },
      "21": {
        "start": {
          "line": 51,
          "column": 8
        },
        "end": {
          "line": 51,
          "column": 54
        }
      }
    },
    "fnMap": {
      "0": {
        "name": "(anonymous_0)",
        "decl": {
          "start": {
            "line": 11,
            "column": 24
          },
          "end": {
            "line": 11,
            "column": 25
          }
        },
        "loc": {
          "start": {
            "line": 11,
            "column": 38
          },
          "end": {
            "line": 13,
            "column": 3
          }
        },
        "line": 11
      },
      "1": {
        "name": "ErrorPage",
        "decl": {
          "start": {
            "line": 17,
            "column": 16
          },
          "end": {
            "line": 17,
            "column": 25
          }
        },
        "loc": {
          "start": {
            "line": 17,
            "column": 28
          },
          "end": {
            "line": 34,
            "column": 1
          }
        },
        "line": 17
      },
      "2": {
        "name": "(anonymous_2)",
        "decl": {
          "start": {
            "line": 44,
            "column": 9
          },
          "end": {
            "line": 44,
            "column": 10
          }
        },
        "loc": {
          "start": {
            "line": 44,
            "column": 29
          },
          "end": {
            "line": 53,
            "column": 3
          }
        },
        "line": 44
      },
      "3": {
        "name": "(anonymous_3)",
        "decl": {
          "start": {
            "line": 46,
            "column": 27
          },
          "end": {
            "line": 46,
            "column": 28
          }
        },
        "loc": {
          "start": {
            "line": 46,
            "column": 44
          },
          "end": {
            "line": 52,
            "column": 5
          }
        },
        "line": 46
      }
    },
    "branchMap": {
      "0": {
        "loc": {
          "start": {
            "line": 5,
            "column": 0
          },
          "end": {
            "line": 15,
            "column": 1
          }
        },
        "type": "if",
        "locations": [
          {
            "start": {
              "line": 5,
              "column": 0
            },
            "end": {
              "line": 15,
              "column": 1
            }
          },
          {
            "start": {},
            "end": {}
          }
        ],
        "line": 5
      },
      "1": {
        "loc": {
          "start": {
            "line": 6,
            "column": 2
          },
          "end": {
            "line": 8,
            "column": 3
          }
        },
        "type": "if",
        "locations": [
          {
            "start": {
              "line": 6,
              "column": 2
            },
            "end": {
              "line": 8,
              "column": 3
            }
          },
          {
            "start": {},
            "end": {}
          }
        ],
        "line": 6
      },
      "2": {
        "loc": {
          "start": {
            "line": 38,
            "column": 0
          },
          "end": {
            "line": 54,
            "column": 1
          }
        },
        "type": "if",
        "locations": [
          {
            "start": {
              "line": 38,
              "column": 0
            },
            "end": {
              "line": 54,
              "column": 1
            }
          },
          {
            "start": {},
            "end": {}
          }
        ],
        "line": 38
      },
      "3": {
        "loc": {
          "start": {
            "line": 47,
            "column": 6
          },
          "end": {
            "line": 48,
            "column": 15
          }
        },
        "type": "if",
        "locations": [
          {
            "start": {
              "line": 47,
              "column": 6
            },
            "end": {
              "line": 48,
              "column": 15
            }
          },
          {
            "start": {},
            "end": {}
          }
        ],
        "line": 47
      },
      "4": {
        "loc": {
          "start": {
            "line": 50,
            "column": 6
          },
          "end": {
            "line": 51,
            "column": 54
          }
        },
        "type": "if",
        "locations": [
          {
            "start": {
              "line": 50,
              "column": 6
            },
            "end": {
              "line": 51,
              "column": 54
            }
          },
          {
            "start": {},
            "end": {}
          }
        ],
        "line": 50
      }
    },
    "s": {
      "0": 5,
      "1": 5,
      "2": 0,
      "3": 5,
      "4": 5,
      "5": 5,
      "6": 5,
      "7": 5,
      "8": 1,
      "9": 5,
      "10": 5,
      "11": 5,
      "12": 5,
      "13": 5,
      "14": 5,
      "15": 2,
      "16": 2,
      "17": 0,
      "18": 0,
      "19": 0,
      "20": 0,
      "21": 0
    },
    "f": {
      "0": 5,
      "1": 1,
      "2": 2,
      "3": 0
    },
    "b": {
      "0": [
        5,
        0
      ],
      "1": [
        0,
        5
      ],
      "2": [
        5,
        0
      ],
      "3": [
        0,
        0
      ],
      "4": [
        0,
        0
      ]
    },
    "inputSourceMap": {
      "version": 3,
      "mappings": "AAMM;AANN,OAAOA,oBAAkB;AAAA;AAAA;AAAA;AAAA;AAAA;AAAA;AAAA;AAAA;AAAA;AAAA;AAAA;AAAA;AAAA;AACzB,SAASC,YAAY;AAEd,gBAASC,YAAY;AAC1B,SACE,uBAAC,SACC;AAAA,2BAAC,QAAG,sCAAJ;AAAA;AAAA;AAAA;AAAA,WAA0B;AAAA,IAC1B,uBAAC,QAAK,IAAG,KAAI,uBAAb;AAAA;AAAA;AAAA;AAAA,WAAoB;AAAA,OAFtB;AAAA;AAAA;AAAA;AAAA,SAGA;AAEJ;AAACC,KAPeD;AAAS;AAAAE",
      "names": [
        "React",
        "Link",
        "ErrorPage",
        "_c",
        "$RefreshReg$"
      ],
      "sources": [
        "C:/Users/lesha/OneDrive/Документы/VSCode/react/RSSchoolReact/src/pages/ErrorPage.tsx"
      ],
      "file": "C:/Users/lesha/OneDrive/Документы/VSCode/react/RSSchoolReact/src/pages/ErrorPage.tsx"
    },
    "_coverageSchema": "1a1c01bbd47fc00a2c39e90264f33305004495a9",
    "hash": "93ff8c44510287ed9b890529fa18426a535b3613"
  },
  "C:/Users/lesha/OneDrive/Документы/VSCode/react/RSSchoolReact/src/components/FormCardList/Card.tsx": {
    "path": "C:/Users/lesha/OneDrive/Документы/VSCode/react/RSSchoolReact/src/components/FormCardList/Card.tsx",
    "statementMap": {
      "0": {
        "start": {
          "line": 5,
          "column": 2
        },
        "end": {
          "line": 48,
          "column": 11
        }
      },
      "1": {
        "start": {
          "line": 21,
          "column": 135
        },
        "end": {
          "line": 25,
          "column": 12
        }
      }
    },
    "fnMap": {
      "0": {
        "name": "newCard",
        "decl": {
          "start": {
            "line": 2,
            "column": 24
          },
          "end": {
            "line": 2,
            "column": 31
          }
        },
        "loc": {
          "start": {
            "line": 4,
            "column": 3
          },
          "end": {
            "line": 49,
            "column": 1
          }
        },
        "line": 4
      },
      "1": {
        "name": "(anonymous_1)",
        "decl": {
          "start": {
            "line": 21,
            "column": 104
          },
          "end": {
            "line": 21,
            "column": 105
          }
        },
        "loc": {
          "start": {
            "line": 21,
            "column": 135
          },
          "end": {
            "line": 25,
            "column": 12
          }
        },
        "line": 21
      }
    },
    "branchMap": {
      "0": {
        "loc": {
          "start": {
            "line": 6,
            "column": 64
          },
          "end": {
            "line": 6,
            "column": 119
          }
        },
        "type": "cond-expr",
        "locations": [
          {
            "start": {
              "line": 6,
              "column": 77
            },
            "end": {
              "line": 6,
              "column": 114
            }
          },
          {
            "start": {
              "line": 6,
              "column": 117
            },
            "end": {
              "line": 6,
              "column": 119
            }
          }
        ],
        "line": 6
      }
    },
    "s": {
      "0": 1,
      "1": 2
    },
    "f": {
      "0": 1,
      "1": 2
    },
    "b": {
      "0": [
        1,
        0
      ]
    },
    "inputSourceMap": {
      "version": 3,
      "mappings": "AAWQ;AAJR,wBAAwBA,QAAQ;AAAA,EAAEC;AAAa,GAAG;AAChD,SACE,uBAAC,SAAI,WAAU,2GACb,iCAAC,SAAI,WAAU,aACb;AAAA,2BAAC,SAAI,KAAKA,KAAKC,OAAO,WAAWD,KAAKC,QAAQ,wCAAwC,MAAtF;AAAA;AAAA;AAAA;AAAA,WAAyF;AAAA,IACzF,uBAAC,SAAI,WAAU,0BAA0BD,eAAKE,SAA9C;AAAA;AAAA;AAAA;AAAA,WAAoD;AAAA,IACpD,uBAAC,OAAE,WAAU,iBAAiBF,eAAKG,UAAnC;AAAA;AAAA;AAAA;AAAA,WAA0C;AAAA,IAC1C,uBAAC,SAAI,WAAU,6BACZH,eAAKI,SAASC,IAAI,CAACC,IAAIC,UACtB,uBAAC,SAAI,WAAU,4DACZD,gBAD4EC,OAA/E;AAAA;AAAA;AAAA;AAAA,WAEA,CACD,KALH;AAAA;AAAA;AAAA;AAAA,WAMA;AAAA,IACA,uBAAC,OAAE,WAAU,2BAA2BP,eAAKQ,UAA7C;AAAA;AAAA;AAAA;AAAA,WAAoD;AAAA,IACpD,uBAAC,OAAE,WAAU,0CAA0CR,eAAKS,QAA5D;AAAA;AAAA;AAAA;AAAA,WAAiE;AAAA,OAZnE;AAAA;AAAA;AAAA;AAAA,SAaA,KAdF;AAAA;AAAA;AAAA;AAAA,SAeA;AAEJ",
      "names": [
        "newCard",
        "item",
        "image",
        "title",
        "gender",
        "category",
        "map",
        "el",
        "index",
        "rating",
        "date"
      ],
      "sources": [
        "C:/Users/lesha/OneDrive/Документы/VSCode/react/RSSchoolReact/src/components/FormCardList/Card.tsx"
      ],
      "file": "C:/Users/lesha/OneDrive/Документы/VSCode/react/RSSchoolReact/src/components/FormCardList/Card.tsx"
    },
    "_coverageSchema": "1a1c01bbd47fc00a2c39e90264f33305004495a9",
    "hash": "a8f61f330154034c419658d70a3a0c20120703f5"
  },
  "C:/Users/lesha/OneDrive/Документы/VSCode/react/RSSchoolReact/src/store/hook.ts": {
    "path": "C:/Users/lesha/OneDrive/Документы/VSCode/react/RSSchoolReact/src/store/hook.ts",
    "statementMap": {
      "0": {
        "start": {
          "line": 2,
          "column": 30
        },
        "end": {
          "line": 2,
          "column": 49
        }
      },
      "1": {
        "start": {
          "line": 2,
          "column": 36
        },
        "end": {
          "line": 2,
          "column": 49
        }
      },
      "2": {
        "start": {
          "line": 3,
          "column": 30
        },
        "end": {
          "line": 3,
          "column": 41
        }
      }
    },
    "fnMap": {
      "0": {
        "name": "(anonymous_0)",
        "decl": {
          "start": {
            "line": 2,
            "column": 30
          },
          "end": {
            "line": 2,
            "column": 31
          }
        },
        "loc": {
          "start": {
            "line": 2,
            "column": 36
          },
          "end": {
            "line": 2,
            "column": 49
          }
        },
        "line": 2
      }
    },
    "branchMap": {},
    "s": {
      "0": 5,
      "1": 5,
      "2": 5
    },
    "f": {
      "0": 5
    },
    "b": {},
    "inputSourceMap": {
      "version": 3,
      "sources": [
        "C:/Users/lesha/OneDrive/Документы/VSCode/react/RSSchoolReact/src/store/hook.ts"
      ],
      "mappings": "AAAA,SAAS,aAAa,mBAAyC;AAGxD,aAAM,iBAAiB,MAAM,YAAyB;AACtD,aAAM,iBAAkD;",
      "names": []
    },
    "_coverageSchema": "1a1c01bbd47fc00a2c39e90264f33305004495a9",
    "hash": "34c144972acdbbe42a65d20fe2d68b5ec5569c8e"
  },
  "C:/Users/lesha/OneDrive/Документы/VSCode/react/RSSchoolReact/src/components/FormCardList/CardsList.tsx": {
    "path": "C:/Users/lesha/OneDrive/Документы/VSCode/react/RSSchoolReact/src/components/FormCardList/CardsList.tsx",
    "statementMap": {
      "0": {
        "start": {
          "line": 5,
          "column": 0
        },
        "end": {
          "line": 15,
          "column": 1
        }
      },
      "1": {
        "start": {
          "line": 6,
          "column": 2
        },
        "end": {
          "line": 8,
          "column": 3
        }
      },
      "2": {
        "start": {
          "line": 7,
          "column": 4
        },
        "end": {
          "line": 7,
          "column": 165
        }
      },
      "3": {
        "start": {
          "line": 9,
          "column": 2
        },
        "end": {
          "line": 9,
          "column": 39
        }
      },
      "4": {
        "start": {
          "line": 10,
          "column": 2
        },
        "end": {
          "line": 10,
          "column": 39
        }
      },
      "5": {
        "start": {
          "line": 11,
          "column": 2
        },
        "end": {
          "line": 13,
          "column": 4
        }
      },
      "6": {
        "start": {
          "line": 12,
          "column": 4
        },
        "end": {
          "line": 12,
          "column": 146
        }
      },
      "7": {
        "start": {
          "line": 14,
          "column": 2
        },
        "end": {
          "line": 14,
          "column": 75
        }
      },
      "8": {
        "start": {
          "line": 16,
          "column": 9
        },
        "end": {
          "line": 16,
          "column": 23
        }
      },
      "9": {
        "start": {
          "line": 20,
          "column": 2
        },
        "end": {
          "line": 20,
          "column": 7
        }
      },
      "10": {
        "start": {
          "line": 21,
          "column": 16
        },
        "end": {
          "line": 21,
          "column": 59
        }
      },
      "11": {
        "start": {
          "line": 21,
          "column": 42
        },
        "end": {
          "line": 21,
          "column": 58
        }
      },
      "12": {
        "start": {
          "line": 22,
          "column": 2
        },
        "end": {
          "line": 32,
          "column": 3
        }
      },
      "13": {
        "start": {
          "line": 23,
          "column": 4
        },
        "end": {
          "line": 31,
          "column": 13
        }
      },
      "14": {
        "start": {
          "line": 33,
          "column": 2
        },
        "end": {
          "line": 41,
          "column": 11
        }
      },
      "15": {
        "start": {
          "line": 33,
          "column": 148
        },
        "end": {
          "line": 37,
          "column": 10
        }
      },
      "16": {
        "start": {
          "line": 43,
          "column": 0
        },
        "end": {
          "line": 45,
          "column": 3
        }
      },
      "17": {
        "start": {
          "line": 44,
          "column": 2
        },
        "end": {
          "line": 44,
          "column": 26
        }
      },
      "18": {
        "start": {
          "line": 46,
          "column": 0
        },
        "end": {
          "line": 46,
          "column": 15
        }
      },
      "19": {
        "start": {
          "line": 48,
          "column": 0
        },
        "end": {
          "line": 48,
          "column": 30
        }
      },
      "20": {
        "start": {
          "line": 49,
          "column": 0
        },
        "end": {
          "line": 65,
          "column": 1
        }
      },
      "21": {
        "start": {
          "line": 50,
          "column": 2
        },
        "end": {
          "line": 50,
          "column": 39
        }
      },
      "22": {
        "start": {
          "line": 51,
          "column": 2
        },
        "end": {
          "line": 51,
          "column": 39
        }
      },
      "23": {
        "start": {
          "line": 52,
          "column": 2
        },
        "end": {
          "line": 64,
          "column": 5
        }
      },
      "24": {
        "start": {
          "line": 56,
          "column": 4
        },
        "end": {
          "line": 56,
          "column": 172
        }
      },
      "25": {
        "start": {
          "line": 57,
          "column": 4
        },
        "end": {
          "line": 63,
          "column": 7
        }
      },
      "26": {
        "start": {
          "line": 58,
          "column": 6
        },
        "end": {
          "line": 59,
          "column": 15
        }
      },
      "27": {
        "start": {
          "line": 59,
          "column": 8
        },
        "end": {
          "line": 59,
          "column": 15
        }
      },
      "28": {
        "start": {
          "line": 60,
          "column": 32
        },
        "end": {
          "line": 60,
          "column": 115
        }
      },
      "29": {
        "start": {
          "line": 61,
          "column": 6
        },
        "end": {
          "line": 62,
          "column": 54
        }
      },
      "30": {
        "start": {
          "line": 62,
          "column": 8
        },
        "end": {
          "line": 62,
          "column": 54
        }
      }
    },
    "fnMap": {
      "0": {
        "name": "(anonymous_0)",
        "decl": {
          "start": {
            "line": 11,
            "column": 24
          },
          "end": {
            "line": 11,
            "column": 25
          }
        },
        "loc": {
          "start": {
            "line": 11,
            "column": 38
          },
          "end": {
            "line": 13,
            "column": 3
          }
        },
        "line": 11
      },
      "1": {
        "name": "CardsList",
        "decl": {
          "start": {
            "line": 19,
            "column": 24
          },
          "end": {
            "line": 19,
            "column": 33
          }
        },
        "loc": {
          "start": {
            "line": 19,
            "column": 36
          },
          "end": {
            "line": 42,
            "column": 1
          }
        },
        "line": 19
      },
      "2": {
        "name": "(anonymous_2)",
        "decl": {
          "start": {
            "line": 21,
            "column": 31
          },
          "end": {
            "line": 21,
            "column": 32
          }
        },
        "loc": {
          "start": {
            "line": 21,
            "column": 42
          },
          "end": {
            "line": 21,
            "column": 58
          }
        },
        "line": 21
      },
      "3": {
        "name": "(anonymous_3)",
        "decl": {
          "start": {
            "line": 33,
            "column": 122
          },
          "end": {
            "line": 33,
            "column": 123
          }
        },
        "loc": {
          "start": {
            "line": 33,
            "column": 148
          },
          "end": {
            "line": 37,
            "column": 10
          }
        },
        "line": 33
      },
      "4": {
        "name": "(anonymous_4)",
        "decl": {
          "start": {
            "line": 43,
            "column": 53
          },
          "end": {
            "line": 43,
            "column": 54
          }
        },
        "loc": {
          "start": {
            "line": 43,
            "column": 64
          },
          "end": {
            "line": 45,
            "column": 1
          }
        },
        "line": 43
      },
      "5": {
        "name": "(anonymous_5)",
        "decl": {
          "start": {
            "line": 55,
            "column": 9
          },
          "end": {
            "line": 55,
            "column": 10
          }
        },
        "loc": {
          "start": {
            "line": 55,
            "column": 29
          },
          "end": {
            "line": 64,
            "column": 3
          }
        },
        "line": 55
      },
      "6": {
        "name": "(anonymous_6)",
        "decl": {
          "start": {
            "line": 57,
            "column": 27
          },
          "end": {
            "line": 57,
            "column": 28
          }
        },
        "loc": {
          "start": {
            "line": 57,
            "column": 44
          },
          "end": {
            "line": 63,
            "column": 5
          }
        },
        "line": 57
      }
    },
    "branchMap": {
      "0": {
        "loc": {
          "start": {
            "line": 5,
            "column": 0
          },
          "end": {
            "line": 15,
            "column": 1
          }
        },
        "type": "if",
        "locations": [
          {
            "start": {
              "line": 5,
              "column": 0
            },
            "end": {
              "line": 15,
              "column": 1
            }
          },
          {
            "start": {},
            "end": {}
          }
        ],
        "line": 5
      },
      "1": {
        "loc": {
          "start": {
            "line": 6,
            "column": 2
          },
          "end": {
            "line": 8,
            "column": 3
          }
        },
        "type": "if",
        "locations": [
          {
            "start": {
              "line": 6,
              "column": 2
            },
            "end": {
              "line": 8,
              "column": 3
            }
          },
          {
            "start": {},
            "end": {}
          }
        ],
        "line": 6
      },
      "2": {
        "loc": {
          "start": {
            "line": 22,
            "column": 2
          },
          "end": {
            "line": 32,
            "column": 3
          }
        },
        "type": "if",
        "locations": [
          {
            "start": {
              "line": 22,
              "column": 2
            },
            "end": {
              "line": 32,
              "column": 3
            }
          },
          {
            "start": {},
            "end": {}
          }
        ],
        "line": 22
      },
      "3": {
        "loc": {
          "start": {
            "line": 49,
            "column": 0
          },
          "end": {
            "line": 65,
            "column": 1
          }
        },
        "type": "if",
        "locations": [
          {
            "start": {
              "line": 49,
              "column": 0
            },
            "end": {
              "line": 65,
              "column": 1
            }
          },
          {
            "start": {},
            "end": {}
          }
        ],
        "line": 49
      },
      "4": {
        "loc": {
          "start": {
            "line": 58,
            "column": 6
          },
          "end": {
            "line": 59,
            "column": 15
          }
        },
        "type": "if",
        "locations": [
          {
            "start": {
              "line": 58,
              "column": 6
            },
            "end": {
              "line": 59,
              "column": 15
            }
          },
          {
            "start": {},
            "end": {}
          }
        ],
        "line": 58
      },
      "5": {
        "loc": {
          "start": {
            "line": 61,
            "column": 6
          },
          "end": {
            "line": 62,
            "column": 54
          }
        },
        "type": "if",
        "locations": [
          {
            "start": {
              "line": 61,
              "column": 6
            },
            "end": {
              "line": 62,
              "column": 54
            }
          },
          {
            "start": {},
            "end": {}
          }
        ],
        "line": 61
      }
    },
    "s": {
      "0": 5,
      "1": 5,
      "2": 0,
      "3": 5,
      "4": 5,
      "5": 5,
      "6": 5,
      "7": 5,
      "8": 5,
      "9": 3,
      "10": 3,
      "11": 5,
      "12": 3,
      "13": 2,
      "14": 1,
      "15": 1,
      "16": 5,
      "17": 2,
      "18": 5,
      "19": 5,
      "20": 5,
      "21": 5,
      "22": 5,
      "23": 5,
      "24": 2,
      "25": 2,
      "26": 0,
      "27": 0,
      "28": 0,
      "29": 0,
      "30": 0
    },
    "f": {
      "0": 5,
      "1": 3,
      "2": 5,
      "3": 1,
      "4": 2,
      "5": 2,
      "6": 0
    },
    "b": {
      "0": [
        5,
        0
      ],
      "1": [
        0,
        5
      ],
      "2": [
        2,
        1
      ],
      "3": [
        5,
        0
      ],
      "4": [
        0,
        0
      ],
      "5": [
        0,
        0
      ]
    },
    "inputSourceMap": {
      "version": 3,
      "mappings": "AASQ;;;;;;;;;;;;;;;;AARR,OAAOA,UAAU;AACjB,SAASC,sBAAsB;AAE/B,wBAAwBC,YAAY;AAAAC;AAClC,QAAMC,QAAQH,eAAgBI,WAAUA,MAAMC,KAAKF,KAAK;AACxD,MAAIA,MAAMG,WAAW,GAAG;AACtB,WACE,uBAAC,SAAI,WAAU,yCACb,iCAAC,QAAG,WAAU,aAAY,wBAA1B;AAAA;AAAA;AAAA;AAAA,WAAkC,KADpC;AAAA;AAAA;AAAA;AAAA,WAEA;AAAA,EAEJ;AACA,SACE,uBAAC,SAAI,WAAU,kDACZH,gBAAMI,IAAKC,UACV,uBAAC,QAAK,QAAiBA,KAAKC,IAA5B;AAAA;AAAA;AAAA;AAAA,SAA+B,CAChC,KAHH;AAAA;AAAA;AAAA;AAAA,SAIA;AAEJ;AAACP,GAhBuBD,WAAS;AAAA,UACjBD,cAAc;AAAA;AAAAU,KADNT;AAAS;AAAAU",
      "names": [
        "Card",
        "useAppSelector",
        "CardsList",
        "_s",
        "items",
        "state",
        "form",
        "length",
        "map",
        "item",
        "id",
        "_c",
        "$RefreshReg$"
      ],
      "sources": [
        "C:/Users/lesha/OneDrive/Документы/VSCode/react/RSSchoolReact/src/components/FormCardList/CardsList.tsx"
      ],
      "file": "C:/Users/lesha/OneDrive/Документы/VSCode/react/RSSchoolReact/src/components/FormCardList/CardsList.tsx"
    },
    "_coverageSchema": "1a1c01bbd47fc00a2c39e90264f33305004495a9",
    "hash": "659a42dbf952b5b381a483b434f979b59df9a5e0"
  },
  "C:/Users/lesha/OneDrive/Документы/VSCode/react/RSSchoolReact/src/components/Form/Notification.tsx": {
    "path": "C:/Users/lesha/OneDrive/Документы/VSCode/react/RSSchoolReact/src/components/Form/Notification.tsx",
    "statementMap": {
      "0": {
        "start": {
          "line": 5,
          "column": 0
        },
        "end": {
          "line": 15,
          "column": 1
        }
      },
      "1": {
        "start": {
          "line": 6,
          "column": 2
        },
        "end": {
          "line": 8,
          "column": 3
        }
      },
      "2": {
        "start": {
          "line": 7,
          "column": 4
        },
        "end": {
          "line": 7,
          "column": 165
        }
      },
      "3": {
        "start": {
          "line": 9,
          "column": 2
        },
        "end": {
          "line": 9,
          "column": 39
        }
      },
      "4": {
        "start": {
          "line": 10,
          "column": 2
        },
        "end": {
          "line": 10,
          "column": 39
        }
      },
      "5": {
        "start": {
          "line": 11,
          "column": 2
        },
        "end": {
          "line": 13,
          "column": 4
        }
      },
      "6": {
        "start": {
          "line": 12,
          "column": 4
        },
        "end": {
          "line": 12,
          "column": 141
        }
      },
      "7": {
        "start": {
          "line": 14,
          "column": 2
        },
        "end": {
          "line": 14,
          "column": 75
        }
      },
      "8": {
        "start": {
          "line": 19,
          "column": 6
        },
        "end": {
          "line": 19,
          "column": 11
        }
      },
      "9": {
        "start": {
          "line": 20,
          "column": 2
        },
        "end": {
          "line": 24,
          "column": 11
        }
      },
      "10": {
        "start": {
          "line": 26,
          "column": 0
        },
        "end": {
          "line": 26,
          "column": 18
        }
      },
      "11": {
        "start": {
          "line": 28,
          "column": 0
        },
        "end": {
          "line": 28,
          "column": 33
        }
      },
      "12": {
        "start": {
          "line": 29,
          "column": 0
        },
        "end": {
          "line": 45,
          "column": 1
        }
      },
      "13": {
        "start": {
          "line": 30,
          "column": 2
        },
        "end": {
          "line": 30,
          "column": 39
        }
      },
      "14": {
        "start": {
          "line": 31,
          "column": 2
        },
        "end": {
          "line": 31,
          "column": 39
        }
      },
      "15": {
        "start": {
          "line": 32,
          "column": 2
        },
        "end": {
          "line": 44,
          "column": 5
        }
      },
      "16": {
        "start": {
          "line": 36,
          "column": 4
        },
        "end": {
          "line": 36,
          "column": 167
        }
      },
      "17": {
        "start": {
          "line": 37,
          "column": 4
        },
        "end": {
          "line": 43,
          "column": 7
        }
      },
      "18": {
        "start": {
          "line": 38,
          "column": 6
        },
        "end": {
          "line": 39,
          "column": 15
        }
      },
      "19": {
        "start": {
          "line": 39,
          "column": 8
        },
        "end": {
          "line": 39,
          "column": 15
        }
      },
      "20": {
        "start": {
          "line": 40,
          "column": 32
        },
        "end": {
          "line": 40,
          "column": 115
        }
      },
      "21": {
        "start": {
          "line": 41,
          "column": 6
        },
        "end": {
          "line": 42,
          "column": 54
        }
      },
      "22": {
        "start": {
          "line": 42,
          "column": 8
        },
        "end": {
          "line": 42,
          "column": 54
        }
      }
    },
    "fnMap": {
      "0": {
        "name": "(anonymous_0)",
        "decl": {
          "start": {
            "line": 11,
            "column": 24
          },
          "end": {
            "line": 11,
            "column": 25
          }
        },
        "loc": {
          "start": {
            "line": 11,
            "column": 38
          },
          "end": {
            "line": 13,
            "column": 3
          }
        },
        "line": 11
      },
      "1": {
        "name": "Notification",
        "decl": {
          "start": {
            "line": 16,
            "column": 24
          },
          "end": {
            "line": 16,
            "column": 36
          }
        },
        "loc": {
          "start": {
            "line": 16,
            "column": 44
          },
          "end": {
            "line": 25,
            "column": 1
          }
        },
        "line": 16
      },
      "2": {
        "name": "(anonymous_2)",
        "decl": {
          "start": {
            "line": 35,
            "column": 9
          },
          "end": {
            "line": 35,
            "column": 10
          }
        },
        "loc": {
          "start": {
            "line": 35,
            "column": 29
          },
          "end": {
            "line": 44,
            "column": 3
          }
        },
        "line": 35
      },
      "3": {
        "name": "(anonymous_3)",
        "decl": {
          "start": {
            "line": 37,
            "column": 27
          },
          "end": {
            "line": 37,
            "column": 28
          }
        },
        "loc": {
          "start": {
            "line": 37,
            "column": 44
          },
          "end": {
            "line": 43,
            "column": 5
          }
        },
        "line": 37
      }
    },
    "branchMap": {
      "0": {
        "loc": {
          "start": {
            "line": 5,
            "column": 0
          },
          "end": {
            "line": 15,
            "column": 1
          }
        },
        "type": "if",
        "locations": [
          {
            "start": {
              "line": 5,
              "column": 0
            },
            "end": {
              "line": 15,
              "column": 1
            }
          },
          {
            "start": {},
            "end": {}
          }
        ],
        "line": 5
      },
      "1": {
        "loc": {
          "start": {
            "line": 6,
            "column": 2
          },
          "end": {
            "line": 8,
            "column": 3
          }
        },
        "type": "if",
        "locations": [
          {
            "start": {
              "line": 6,
              "column": 2
            },
            "end": {
              "line": 8,
              "column": 3
            }
          },
          {
            "start": {},
            "end": {}
          }
        ],
        "line": 6
      },
      "2": {
        "loc": {
          "start": {
            "line": 29,
            "column": 0
          },
          "end": {
            "line": 45,
            "column": 1
          }
        },
        "type": "if",
        "locations": [
          {
            "start": {
              "line": 29,
              "column": 0
            },
            "end": {
              "line": 45,
              "column": 1
            }
          },
          {
            "start": {},
            "end": {}
          }
        ],
        "line": 29
      },
      "3": {
        "loc": {
          "start": {
            "line": 38,
            "column": 6
          },
          "end": {
            "line": 39,
            "column": 15
          }
        },
        "type": "if",
        "locations": [
          {
            "start": {
              "line": 38,
              "column": 6
            },
            "end": {
              "line": 39,
              "column": 15
            }
          },
          {
            "start": {},
            "end": {}
          }
        ],
        "line": 38
      },
      "4": {
        "loc": {
          "start": {
            "line": 41,
            "column": 6
          },
          "end": {
            "line": 42,
            "column": 54
          }
        },
        "type": "if",
        "locations": [
          {
            "start": {
              "line": 41,
              "column": 6
            },
            "end": {
              "line": 42,
              "column": 54
            }
          },
          {
            "start": {},
            "end": {}
          }
        ],
        "line": 41
      }
    },
    "s": {
      "0": 5,
      "1": 5,
      "2": 0,
      "3": 5,
      "4": 5,
      "5": 5,
      "6": 5,
      "7": 5,
      "8": 0,
      "9": 0,
      "10": 5,
      "11": 5,
      "12": 5,
      "13": 5,
      "14": 5,
      "15": 5,
      "16": 2,
      "17": 2,
      "18": 0,
      "19": 0,
      "20": 0,
      "21": 0,
      "22": 0
    },
    "f": {
      "0": 5,
      "1": 0,
      "2": 2,
      "3": 0
    },
    "b": {
      "0": [
        5,
        0
      ],
      "1": [
        0,
        5
      ],
      "2": [
        5,
        0
      ],
      "3": [
        0,
        0
      ],
      "4": [
        0,
        0
      ]
    },
    "inputSourceMap": {
      "version": 3,
      "mappings": "AAMI;AANJ,OAAOA,oBAAkB;AAAA;AAAA;AAAA;AAAA;AAAA;AAAA;AAAA;AAAA;AAAA;AAAA;AAAA;AAAA;AAAA;AAEzB,wBAAwBC,aAAaC,OAA4B;AAC/D,QAAM;AAAA,IAAEC;AAAAA,EAAQ,IAAID;AAEpB,SACE,uBAAC,SAAI,WAAU,+FACZC,qBADH;AAAA;AAAA;AAAA;AAAA,SAEA;AAEJ;AAACC,KARuBH;AAAY;AAAAI",
      "names": [
        "React",
        "Notification",
        "props",
        "message",
        "_c",
        "$RefreshReg$"
      ],
      "sources": [
        "C:/Users/lesha/OneDrive/Документы/VSCode/react/RSSchoolReact/src/components/Form/Notification.tsx"
      ],
      "file": "C:/Users/lesha/OneDrive/Документы/VSCode/react/RSSchoolReact/src/components/Form/Notification.tsx"
    },
    "_coverageSchema": "1a1c01bbd47fc00a2c39e90264f33305004495a9",
    "hash": "5f0003e703da4dab1062d78194bb95ff8135996b"
  },
  "C:/Users/lesha/OneDrive/Документы/VSCode/react/RSSchoolReact/src/components/ErrorMessage.tsx": {
    "path": "C:/Users/lesha/OneDrive/Документы/VSCode/react/RSSchoolReact/src/components/ErrorMessage.tsx",
    "statementMap": {
      "0": {
        "start": {
          "line": 5,
          "column": 0
        },
        "end": {
          "line": 15,
          "column": 1
        }
      },
      "1": {
        "start": {
          "line": 6,
          "column": 2
        },
        "end": {
          "line": 8,
          "column": 3
        }
      },
      "2": {
        "start": {
          "line": 7,
          "column": 4
        },
        "end": {
          "line": 7,
          "column": 165
        }
      },
      "3": {
        "start": {
          "line": 9,
          "column": 2
        },
        "end": {
          "line": 9,
          "column": 39
        }
      },
      "4": {
        "start": {
          "line": 10,
          "column": 2
        },
        "end": {
          "line": 10,
          "column": 39
        }
      },
      "5": {
        "start": {
          "line": 11,
          "column": 2
        },
        "end": {
          "line": 13,
          "column": 4
        }
      },
      "6": {
        "start": {
          "line": 12,
          "column": 4
        },
        "end": {
          "line": 12,
          "column": 136
        }
      },
      "7": {
        "start": {
          "line": 14,
          "column": 2
        },
        "end": {
          "line": 14,
          "column": 75
        }
      },
      "8": {
        "start": {
          "line": 20,
          "column": 2
        },
        "end": {
          "line": 22,
          "column": 3
        }
      },
      "9": {
        "start": {
          "line": 21,
          "column": 4
        },
        "end": {
          "line": 21,
          "column": 16
        }
      },
      "10": {
        "start": {
          "line": 23,
          "column": 2
        },
        "end": {
          "line": 27,
          "column": 11
        }
      },
      "11": {
        "start": {
          "line": 29,
          "column": 0
        },
        "end": {
          "line": 29,
          "column": 19
        }
      },
      "12": {
        "start": {
          "line": 31,
          "column": 0
        },
        "end": {
          "line": 31,
          "column": 34
        }
      },
      "13": {
        "start": {
          "line": 32,
          "column": 0
        },
        "end": {
          "line": 48,
          "column": 1
        }
      },
      "14": {
        "start": {
          "line": 33,
          "column": 2
        },
        "end": {
          "line": 33,
          "column": 39
        }
      },
      "15": {
        "start": {
          "line": 34,
          "column": 2
        },
        "end": {
          "line": 34,
          "column": 39
        }
      },
      "16": {
        "start": {
          "line": 35,
          "column": 2
        },
        "end": {
          "line": 47,
          "column": 5
        }
      },
      "17": {
        "start": {
          "line": 39,
          "column": 4
        },
        "end": {
          "line": 39,
          "column": 162
        }
      },
      "18": {
        "start": {
          "line": 40,
          "column": 4
        },
        "end": {
          "line": 46,
          "column": 7
        }
      },
      "19": {
        "start": {
          "line": 41,
          "column": 6
        },
        "end": {
          "line": 42,
          "column": 15
        }
      },
      "20": {
        "start": {
          "line": 42,
          "column": 8
        },
        "end": {
          "line": 42,
          "column": 15
        }
      },
      "21": {
        "start": {
          "line": 43,
          "column": 32
        },
        "end": {
          "line": 43,
          "column": 115
        }
      },
      "22": {
        "start": {
          "line": 44,
          "column": 6
        },
        "end": {
          "line": 45,
          "column": 54
        }
      },
      "23": {
        "start": {
          "line": 45,
          "column": 8
        },
        "end": {
          "line": 45,
          "column": 54
        }
      }
    },
    "fnMap": {
      "0": {
        "name": "(anonymous_0)",
        "decl": {
          "start": {
            "line": 11,
            "column": 24
          },
          "end": {
            "line": 11,
            "column": 25
          }
        },
        "loc": {
          "start": {
            "line": 11,
            "column": 38
          },
          "end": {
            "line": 13,
            "column": 3
          }
        },
        "line": 11
      },
      "1": {
        "name": "WarningBanner",
        "decl": {
          "start": {
            "line": 16,
            "column": 24
          },
          "end": {
            "line": 16,
            "column": 37
          }
        },
        "loc": {
          "start": {
            "line": 19,
            "column": 3
          },
          "end": {
            "line": 28,
            "column": 1
          }
        },
        "line": 19
      },
      "2": {
        "name": "(anonymous_2)",
        "decl": {
          "start": {
            "line": 38,
            "column": 9
          },
          "end": {
            "line": 38,
            "column": 10
          }
        },
        "loc": {
          "start": {
            "line": 38,
            "column": 29
          },
          "end": {
            "line": 47,
            "column": 3
          }
        },
        "line": 38
      },
      "3": {
        "name": "(anonymous_3)",
        "decl": {
          "start": {
            "line": 40,
            "column": 27
          },
          "end": {
            "line": 40,
            "column": 28
          }
        },
        "loc": {
          "start": {
            "line": 40,
            "column": 44
          },
          "end": {
            "line": 46,
            "column": 5
          }
        },
        "line": 40
      }
    },
    "branchMap": {
      "0": {
        "loc": {
          "start": {
            "line": 5,
            "column": 0
          },
          "end": {
            "line": 15,
            "column": 1
          }
        },
        "type": "if",
        "locations": [
          {
            "start": {
              "line": 5,
              "column": 0
            },
            "end": {
              "line": 15,
              "column": 1
            }
          },
          {
            "start": {},
            "end": {}
          }
        ],
        "line": 5
      },
      "1": {
        "loc": {
          "start": {
            "line": 6,
            "column": 2
          },
          "end": {
            "line": 8,
            "column": 3
          }
        },
        "type": "if",
        "locations": [
          {
            "start": {
              "line": 6,
              "column": 2
            },
            "end": {
              "line": 8,
              "column": 3
            }
          },
          {
            "start": {},
            "end": {}
          }
        ],
        "line": 6
      },
      "2": {
        "loc": {
          "start": {
            "line": 20,
            "column": 2
          },
          "end": {
            "line": 22,
            "column": 3
          }
        },
        "type": "if",
        "locations": [
          {
            "start": {
              "line": 20,
              "column": 2
            },
            "end": {
              "line": 22,
              "column": 3
            }
          },
          {
            "start": {},
            "end": {}
          }
        ],
        "line": 20
      },
      "3": {
        "loc": {
          "start": {
            "line": 23,
            "column": 86
          },
          "end": {
            "line": 23,
            "column": 118
          }
        },
        "type": "cond-expr",
        "locations": [
          {
            "start": {
              "line": 23,
              "column": 97
            },
            "end": {
              "line": 23,
              "column": 105
            }
          },
          {
            "start": {
              "line": 23,
              "column": 108
            },
            "end": {
              "line": 23,
              "column": 118
            }
          }
        ],
        "line": 23
      },
      "4": {
        "loc": {
          "start": {
            "line": 32,
            "column": 0
          },
          "end": {
            "line": 48,
            "column": 1
          }
        },
        "type": "if",
        "locations": [
          {
            "start": {
              "line": 32,
              "column": 0
            },
            "end": {
              "line": 48,
              "column": 1
            }
          },
          {
            "start": {},
            "end": {}
          }
        ],
        "line": 32
      },
      "5": {
        "loc": {
          "start": {
            "line": 41,
            "column": 6
          },
          "end": {
            "line": 42,
            "column": 15
          }
        },
        "type": "if",
        "locations": [
          {
            "start": {
              "line": 41,
              "column": 6
            },
            "end": {
              "line": 42,
              "column": 15
            }
          },
          {
            "start": {},
            "end": {}
          }
        ],
        "line": 41
      },
      "6": {
        "loc": {
          "start": {
            "line": 44,
            "column": 6
          },
          "end": {
            "line": 45,
            "column": 54
          }
        },
        "type": "if",
        "locations": [
          {
            "start": {
              "line": 44,
              "column": 6
            },
            "end": {
              "line": 45,
              "column": 54
            }
          },
          {
            "start": {},
            "end": {}
          }
        ],
        "line": 44
      }
    },
    "s": {
      "0": 5,
      "1": 5,
      "2": 0,
      "3": 5,
      "4": 5,
      "5": 5,
      "6": 5,
      "7": 5,
      "8": 24,
      "9": 24,
      "10": 0,
      "11": 5,
      "12": 5,
      "13": 5,
      "14": 5,
      "15": 5,
      "16": 5,
      "17": 2,
      "18": 2,
      "19": 0,
      "20": 0,
      "21": 0,
      "22": 0,
      "23": 0
    },
    "f": {
      "0": 5,
      "1": 24,
      "2": 2,
      "3": 0
    },
    "b": {
      "0": [
        5,
        0
      ],
      "1": [
        0,
        5
      ],
      "2": [
        24,
        0
      ],
      "3": [
        0,
        0
      ],
      "4": [
        5,
        0
      ],
      "5": [
        0,
        0
      ],
      "6": [
        0,
        0
      ]
    },
    "inputSourceMap": {
      "version": 3,
      "mappings": "AAQS;AART,OAAOA,oBAAkB;AAAA;AAAA;AAAA;AAAA;AAAA;AAAA;AAAA;AAAA;AAAA;AAAA;AAAA;AAAA;AAAA;AAGzB,wBAAwBC,cAAc;AAAA,EAAEC;AAAAA,EAAOC;AAAqB,GAAG;AACrE,MAAI,CAACD,OAAO;AACV,WAAO;AAAA,EACT;AAEA,SAAO,uBAAC,SAAI,WAAU,wBAAwBC,qBAAWA,WAAW,cAA7D;AAAA;AAAA;AAAA;AAAA,SAAwE;AACjF;AAACC,KANuBH;AAAa;AAAAI",
      "names": [
        "React",
        "WarningBanner",
        "error",
        "children",
        "_c",
        "$RefreshReg$"
      ],
      "sources": [
        "C:/Users/lesha/OneDrive/Документы/VSCode/react/RSSchoolReact/src/components/ErrorMessage.tsx"
      ],
      "file": "C:/Users/lesha/OneDrive/Документы/VSCode/react/RSSchoolReact/src/components/ErrorMessage.tsx"
    },
    "_coverageSchema": "1a1c01bbd47fc00a2c39e90264f33305004495a9",
    "hash": "1f0890e11ccf42951a29fbe4539aa23927c2e56c"
  },
  "C:/Users/lesha/OneDrive/Документы/VSCode/react/RSSchoolReact/src/components/Form/RadioBtns.tsx": {
    "path": "C:/Users/lesha/OneDrive/Документы/VSCode/react/RSSchoolReact/src/components/Form/RadioBtns.tsx",
    "statementMap": {
      "0": {
        "start": {
          "line": 5,
          "column": 0
        },
        "end": {
          "line": 15,
          "column": 1
        }
      },
      "1": {
        "start": {
          "line": 6,
          "column": 2
        },
        "end": {
          "line": 8,
          "column": 3
        }
      },
      "2": {
        "start": {
          "line": 7,
          "column": 4
        },
        "end": {
          "line": 7,
          "column": 165
        }
      },
      "3": {
        "start": {
          "line": 9,
          "column": 2
        },
        "end": {
          "line": 9,
          "column": 39
        }
      },
      "4": {
        "start": {
          "line": 10,
          "column": 2
        },
        "end": {
          "line": 10,
          "column": 39
        }
      },
      "5": {
        "start": {
          "line": 11,
          "column": 2
        },
        "end": {
          "line": 13,
          "column": 4
        }
      },
      "6": {
        "start": {
          "line": 12,
          "column": 4
        },
        "end": {
          "line": 12,
          "column": 138
        }
      },
      "7": {
        "start": {
          "line": 14,
          "column": 2
        },
        "end": {
          "line": 14,
          "column": 75
        }
      },
      "8": {
        "start": {
          "line": 23,
          "column": 2
        },
        "end": {
          "line": 51,
          "column": 11
        }
      },
      "9": {
        "start": {
          "line": 24,
          "column": 39
        },
        "end": {
          "line": 41,
          "column": 12
        }
      },
      "10": {
        "start": {
          "line": 53,
          "column": 0
        },
        "end": {
          "line": 53,
          "column": 15
        }
      },
      "11": {
        "start": {
          "line": 55,
          "column": 0
        },
        "end": {
          "line": 55,
          "column": 30
        }
      },
      "12": {
        "start": {
          "line": 56,
          "column": 0
        },
        "end": {
          "line": 72,
          "column": 1
        }
      },
      "13": {
        "start": {
          "line": 57,
          "column": 2
        },
        "end": {
          "line": 57,
          "column": 39
        }
      },
      "14": {
        "start": {
          "line": 58,
          "column": 2
        },
        "end": {
          "line": 58,
          "column": 39
        }
      },
      "15": {
        "start": {
          "line": 59,
          "column": 2
        },
        "end": {
          "line": 71,
          "column": 5
        }
      },
      "16": {
        "start": {
          "line": 63,
          "column": 4
        },
        "end": {
          "line": 63,
          "column": 164
        }
      },
      "17": {
        "start": {
          "line": 64,
          "column": 4
        },
        "end": {
          "line": 70,
          "column": 7
        }
      },
      "18": {
        "start": {
          "line": 65,
          "column": 6
        },
        "end": {
          "line": 66,
          "column": 15
        }
      },
      "19": {
        "start": {
          "line": 66,
          "column": 8
        },
        "end": {
          "line": 66,
          "column": 15
        }
      },
      "20": {
        "start": {
          "line": 67,
          "column": 32
        },
        "end": {
          "line": 67,
          "column": 115
        }
      },
      "21": {
        "start": {
          "line": 68,
          "column": 6
        },
        "end": {
          "line": 69,
          "column": 54
        }
      },
      "22": {
        "start": {
          "line": 69,
          "column": 8
        },
        "end": {
          "line": 69,
          "column": 54
        }
      }
    },
    "fnMap": {
      "0": {
        "name": "(anonymous_0)",
        "decl": {
          "start": {
            "line": 11,
            "column": 24
          },
          "end": {
            "line": 11,
            "column": 25
          }
        },
        "loc": {
          "start": {
            "line": 11,
            "column": 38
          },
          "end": {
            "line": 13,
            "column": 3
          }
        },
        "line": 11
      },
      "1": {
        "name": "RadioBtns",
        "decl": {
          "start": {
            "line": 18,
            "column": 24
          },
          "end": {
            "line": 18,
            "column": 33
          }
        },
        "loc": {
          "start": {
            "line": 22,
            "column": 3
          },
          "end": {
            "line": 52,
            "column": 1
          }
        },
        "line": 22
      },
      "2": {
        "name": "(anonymous_2)",
        "decl": {
          "start": {
            "line": 24,
            "column": 15
          },
          "end": {
            "line": 24,
            "column": 16
          }
        },
        "loc": {
          "start": {
            "line": 24,
            "column": 39
          },
          "end": {
            "line": 41,
            "column": 12
          }
        },
        "line": 24
      },
      "3": {
        "name": "(anonymous_3)",
        "decl": {
          "start": {
            "line": 62,
            "column": 9
          },
          "end": {
            "line": 62,
            "column": 10
          }
        },
        "loc": {
          "start": {
            "line": 62,
            "column": 29
          },
          "end": {
            "line": 71,
            "column": 3
          }
        },
        "line": 62
      },
      "4": {
        "name": "(anonymous_4)",
        "decl": {
          "start": {
            "line": 64,
            "column": 27
          },
          "end": {
            "line": 64,
            "column": 28
          }
        },
        "loc": {
          "start": {
            "line": 64,
            "column": 44
          },
          "end": {
            "line": 70,
            "column": 5
          }
        },
        "line": 64
      }
    },
    "branchMap": {
      "0": {
        "loc": {
          "start": {
            "line": 5,
            "column": 0
          },
          "end": {
            "line": 15,
            "column": 1
          }
        },
        "type": "if",
        "locations": [
          {
            "start": {
              "line": 5,
              "column": 0
            },
            "end": {
              "line": 15,
              "column": 1
            }
          },
          {
            "start": {},
            "end": {}
          }
        ],
        "line": 5
      },
      "1": {
        "loc": {
          "start": {
            "line": 6,
            "column": 2
          },
          "end": {
            "line": 8,
            "column": 3
          }
        },
        "type": "if",
        "locations": [
          {
            "start": {
              "line": 6,
              "column": 2
            },
            "end": {
              "line": 8,
              "column": 3
            }
          },
          {
            "start": {},
            "end": {}
          }
        ],
        "line": 6
      },
      "2": {
        "loc": {
          "start": {
            "line": 56,
            "column": 0
          },
          "end": {
            "line": 72,
            "column": 1
          }
        },
        "type": "if",
        "locations": [
          {
            "start": {
              "line": 56,
              "column": 0
            },
            "end": {
              "line": 72,
              "column": 1
            }
          },
          {
            "start": {},
            "end": {}
          }
        ],
        "line": 56
      },
      "3": {
        "loc": {
          "start": {
            "line": 65,
            "column": 6
          },
          "end": {
            "line": 66,
            "column": 15
          }
        },
        "type": "if",
        "locations": [
          {
            "start": {
              "line": 65,
              "column": 6
            },
            "end": {
              "line": 66,
              "column": 15
            }
          },
          {
            "start": {},
            "end": {}
          }
        ],
        "line": 65
      },
      "4": {
        "loc": {
          "start": {
            "line": 68,
            "column": 6
          },
          "end": {
            "line": 69,
            "column": 54
          }
        },
        "type": "if",
        "locations": [
          {
            "start": {
              "line": 68,
              "column": 6
            },
            "end": {
              "line": 69,
              "column": 54
            }
          },
          {
            "start": {},
            "end": {}
          }
        ],
        "line": 68
      }
    },
    "s": {
      "0": 5,
      "1": 5,
      "2": 0,
      "3": 5,
      "4": 5,
      "5": 5,
      "6": 5,
      "7": 5,
      "8": 4,
      "9": 8,
      "10": 5,
      "11": 5,
      "12": 5,
      "13": 5,
      "14": 5,
      "15": 5,
      "16": 2,
      "17": 2,
      "18": 0,
      "19": 0,
      "20": 0,
      "21": 0,
      "22": 0
    },
    "f": {
      "0": 5,
      "1": 4,
      "2": 8,
      "3": 2,
      "4": 0
    },
    "b": {
      "0": [
        5,
        0
      ],
      "1": [
        0,
        5
      ],
      "2": [
        5,
        0
      ],
      "3": [
        0,
        0
      ],
      "4": [
        0,
        0
      ]
    },
    "inputSourceMap": {
      "version": 3,
      "mappings": "AAUU;AAVV,OAAOA,oBAAkB;AAAA;AAAA;AAAA;AAAA;AAAA;AAAA;AAAA;AAAA;AAAA;AAAA;AAAA;AAAA;AAAA;AACzB,SAASC,mBAAmB;AAE5B,OAAOC,kBAAkB;AAEzB,wBAAwBC,UAAU;AAAA,EAAEC;AAAAA,EAAOC;AAAAA,EAAUC;AAA0B,GAAG;AAChF,SACE,uBAAC,SAAI,WAAU,gBACZA;AAAAA,WAAOC,IAAKC,QACX,uBAAC,WAAM,SAAU,UAASA,MACxB;AAAA,6BAAC,WACC,MAAK,SACL,IAAK,UAASA,MACd,OAAOA,IACP,GAAIH,SAAS,UAAU;AAAA,QACrBI,UAAU;AAAA,MACZ,CAAC,KANH;AAAA;AAAA;AAAA;AAAA,aAMK;AAAA,MAEL,uBAAC,UAAK,WAAY,qCAAoCR,YAAY,CAAC,CAACG,KAAK,KAAMI,gBAA/E;AAAA;AAAA;AAAA;AAAA,aAAkF;AAAA,SAT/CA,IAArC;AAAA;AAAA;AAAA;AAAA,WAUA,CACD;AAAA,IACD,uBAAC,gBAAa,OAAO,CAAC,CAACJ,OAAO,oCAA9B;AAAA;AAAA;AAAA;AAAA,WAAkD;AAAA,OAdpD;AAAA;AAAA;AAAA;AAAA,SAeA;AAEJ;AAACM,KAnBuBP;AAAS;AAAAQ",
      "names": [
        "React",
        "borderColor",
        "ErrorMessage",
        "RadioBtns",
        "error",
        "register",
        "values",
        "map",
        "el",
        "required",
        "_c",
        "$RefreshReg$"
      ],
      "sources": [
        "C:/Users/lesha/OneDrive/Документы/VSCode/react/RSSchoolReact/src/components/Form/RadioBtns.tsx"
      ],
      "file": "C:/Users/lesha/OneDrive/Документы/VSCode/react/RSSchoolReact/src/components/Form/RadioBtns.tsx"
    },
    "_coverageSchema": "1a1c01bbd47fc00a2c39e90264f33305004495a9",
    "hash": "66e7dcebe1b68baa197452993d0cc4366b1e70d0"
  },
  "C:/Users/lesha/OneDrive/Документы/VSCode/react/RSSchoolReact/src/components/Form/Select.tsx": {
    "path": "C:/Users/lesha/OneDrive/Документы/VSCode/react/RSSchoolReact/src/components/Form/Select.tsx",
    "statementMap": {
      "0": {
        "start": {
          "line": 5,
          "column": 0
        },
        "end": {
          "line": 15,
          "column": 1
        }
      },
      "1": {
        "start": {
          "line": 6,
          "column": 2
        },
        "end": {
          "line": 8,
          "column": 3
        }
      },
      "2": {
        "start": {
          "line": 7,
          "column": 4
        },
        "end": {
          "line": 7,
          "column": 165
        }
      },
      "3": {
        "start": {
          "line": 9,
          "column": 2
        },
        "end": {
          "line": 9,
          "column": 39
        }
      },
      "4": {
        "start": {
          "line": 10,
          "column": 2
        },
        "end": {
          "line": 10,
          "column": 39
        }
      },
      "5": {
        "start": {
          "line": 11,
          "column": 2
        },
        "end": {
          "line": 13,
          "column": 4
        }
      },
      "6": {
        "start": {
          "line": 12,
          "column": 4
        },
        "end": {
          "line": 12,
          "column": 135
        }
      },
      "7": {
        "start": {
          "line": 14,
          "column": 2
        },
        "end": {
          "line": 14,
          "column": 75
        }
      },
      "8": {
        "start": {
          "line": 23,
          "column": 2
        },
        "end": {
          "line": 57,
          "column": 11
        }
      },
      "9": {
        "start": {
          "line": 38,
          "column": 41
        },
        "end": {
          "line": 42,
          "column": 14
        }
      },
      "10": {
        "start": {
          "line": 59,
          "column": 0
        },
        "end": {
          "line": 59,
          "column": 14
        }
      },
      "11": {
        "start": {
          "line": 61,
          "column": 0
        },
        "end": {
          "line": 61,
          "column": 29
        }
      },
      "12": {
        "start": {
          "line": 62,
          "column": 0
        },
        "end": {
          "line": 78,
          "column": 1
        }
      },
      "13": {
        "start": {
          "line": 63,
          "column": 2
        },
        "end": {
          "line": 63,
          "column": 39
        }
      },
      "14": {
        "start": {
          "line": 64,
          "column": 2
        },
        "end": {
          "line": 64,
          "column": 39
        }
      },
      "15": {
        "start": {
          "line": 65,
          "column": 2
        },
        "end": {
          "line": 77,
          "column": 5
        }
      },
      "16": {
        "start": {
          "line": 69,
          "column": 4
        },
        "end": {
          "line": 69,
          "column": 161
        }
      },
      "17": {
        "start": {
          "line": 70,
          "column": 4
        },
        "end": {
          "line": 76,
          "column": 7
        }
      },
      "18": {
        "start": {
          "line": 71,
          "column": 6
        },
        "end": {
          "line": 72,
          "column": 15
        }
      },
      "19": {
        "start": {
          "line": 72,
          "column": 8
        },
        "end": {
          "line": 72,
          "column": 15
        }
      },
      "20": {
        "start": {
          "line": 73,
          "column": 32
        },
        "end": {
          "line": 73,
          "column": 115
        }
      },
      "21": {
        "start": {
          "line": 74,
          "column": 6
        },
        "end": {
          "line": 75,
          "column": 54
        }
      },
      "22": {
        "start": {
          "line": 75,
          "column": 8
        },
        "end": {
          "line": 75,
          "column": 54
        }
      }
    },
    "fnMap": {
      "0": {
        "name": "(anonymous_0)",
        "decl": {
          "start": {
            "line": 11,
            "column": 24
          },
          "end": {
            "line": 11,
            "column": 25
          }
        },
        "loc": {
          "start": {
            "line": 11,
            "column": 38
          },
          "end": {
            "line": 13,
            "column": 3
          }
        },
        "line": 11
      },
      "1": {
        "name": "MySelect",
        "decl": {
          "start": {
            "line": 18,
            "column": 24
          },
          "end": {
            "line": 18,
            "column": 32
          }
        },
        "loc": {
          "start": {
            "line": 22,
            "column": 3
          },
          "end": {
            "line": 58,
            "column": 1
          }
        },
        "line": 22
      },
      "2": {
        "name": "(anonymous_2)",
        "decl": {
          "start": {
            "line": 38,
            "column": 17
          },
          "end": {
            "line": 38,
            "column": 18
          }
        },
        "loc": {
          "start": {
            "line": 38,
            "column": 41
          },
          "end": {
            "line": 42,
            "column": 14
          }
        },
        "line": 38
      },
      "3": {
        "name": "(anonymous_3)",
        "decl": {
          "start": {
            "line": 68,
            "column": 9
          },
          "end": {
            "line": 68,
            "column": 10
          }
        },
        "loc": {
          "start": {
            "line": 68,
            "column": 29
          },
          "end": {
            "line": 77,
            "column": 3
          }
        },
        "line": 68
      },
      "4": {
        "name": "(anonymous_4)",
        "decl": {
          "start": {
            "line": 70,
            "column": 27
          },
          "end": {
            "line": 70,
            "column": 28
          }
        },
        "loc": {
          "start": {
            "line": 70,
            "column": 44
          },
          "end": {
            "line": 76,
            "column": 5
          }
        },
        "line": 70
      }
    },
    "branchMap": {
      "0": {
        "loc": {
          "start": {
            "line": 5,
            "column": 0
          },
          "end": {
            "line": 15,
            "column": 1
          }
        },
        "type": "if",
        "locations": [
          {
            "start": {
              "line": 5,
              "column": 0
            },
            "end": {
              "line": 15,
              "column": 1
            }
          },
          {
            "start": {},
            "end": {}
          }
        ],
        "line": 5
[...]
        0
      ],
      "5": [
        0,
        0
      ],
      "6": [
        0,
        0
      ]
    },
    "inputSourceMap": {
      "version": 3,
      "mappings": "AASM;AATN,OAAOA,oBAAkB;AAAA;AAAA;AAAA;AAAA;AAAA;AAAA;AAAA;AAAA;AAAA;AAAA;AAAA;AAAA;AAAA;AACzB,SAASC,eAAe;AACxB,OAAO;AACP,OAAOC,YAAY;AAEnB,wBAAwBC,SAAS;AAC/B,QAAMC,YAAYA,CAAC;AAAA,IAAEC;AAAAA,EAAgC,MAAOA,WAAW,gBAAgB;AACvF,SACE,uBAAC,YAAO,WAAU,UAChB;AAAA,2BAAC,SAAI,WAAU,QAAO,iBAAtB;AAAA;AAAA;AAAA;AAAA,WAAuB;AAAA,IACvB,uBAAC,SAAI,WAAU,iBACZH,iBAAOI,IAAKC,QAAO;AAClB,UAAIA,GAAGC,SAAS,KAAK;AACnB,eAAO;AAAA,MACT;AACA,aACE,uBAAC,WAAQ,IAAID,GAAGC,MAAM,WAAWJ,WAC9BG,aAAGE,QAD2CF,GAAGE,MAApD;AAAA;AAAA;AAAA;AAAA,aAEA;AAAA,IAEJ,CAAC,KAVH;AAAA;AAAA;AAAA;AAAA,WAWA;AAAA,OAbF;AAAA;AAAA;AAAA;AAAA,SAcA;AAEJ;AAACC,KAnBuBP;AAAM;AAAAQ",
      "names": [
        "React",
        "NavLink",
        "routes",
        "Header",
        "setActive",
        "isActive",
        "map",
        "el",
        "path",
        "name",
        "_c",
        "$RefreshReg$"
      ],
      "sources": [
        "C:/Users/lesha/OneDrive/Документы/VSCode/react/RSSchoolReact/src/components/Header.tsx"
      ],
      "file": "C:/Users/lesha/OneDrive/Документы/VSCode/react/RSSchoolReact/src/components/Header.tsx"
    },
    "_coverageSchema": "1a1c01bbd47fc00a2c39e90264f33305004495a9",
    "hash": "aba592bc577586942a375d3d1b1210714718f311"
  },
  "C:/Users/lesha/OneDrive/Документы/VSCode/react/RSSchoolReact/src/App.tsx": {
    "path": "C:/Users/lesha/OneDrive/Документы/VSCode/react/RSSchoolReact/src/App.tsx",
    "statementMap": {
      "0": {
        "start": {
          "line": 5,
          "column": 0
        },
        "end": {
          "line": 15,
          "column": 1
        }
      },
      "1": {
        "start": {
          "line": 6,
          "column": 2
        },
        "end": {
          "line": 8,
          "column": 3
        }
      },
      "2": {
        "start": {
          "line": 7,
          "column": 4
        },
        "end": {
          "line": 7,
          "column": 165
        }
      },
      "3": {
        "start": {
          "line": 9,
          "column": 2
        },
        "end": {
          "line": 9,
          "column": 39
        }
      },
      "4": {
        "start": {
          "line": 10,
          "column": 2
        },
        "end": {
          "line": 10,
          "column": 39
        }
      },
      "5": {
        "start": {
          "line": 11,
          "column": 2
        },
        "end": {
          "line": 13,
          "column": 4
        }
      },
      "6": {
        "start": {
          "line": 12,
          "column": 4
        },
        "end": {
          "line": 12,
          "column": 116
        }
      },
      "7": {
        "start": {
          "line": 14,
          "column": 2
        },
        "end": {
          "line": 14,
          "column": 75
        }
      },
      "8": {
        "start": {
          "line": 22,
          "column": 2
        },
        "end": {
          "line": 41,
          "column": 11
        }
      },
      "9": {
        "start": {
          "line": 43,
          "column": 0
        },
        "end": {
          "line": 43,
          "column": 9
        }
      },
      "10": {
        "start": {
          "line": 46,
          "column": 0
        },
        "end": {
          "line": 46,
          "column": 24
        }
      },
      "11": {
        "start": {
          "line": 47,
          "column": 0
        },
        "end": {
          "line": 63,
          "column": 1
        }
      },
      "12": {
        "start": {
          "line": 48,
          "column": 2
        },
        "end": {
          "line": 48,
          "column": 39
        }
      },
      "13": {
        "start": {
          "line": 49,
          "column": 2
        },
        "end": {
          "line": 49,
          "column": 39
        }
      },
      "14": {
        "start": {
          "line": 50,
          "column": 2
        },
        "end": {
          "line": 62,
          "column": 5
        }
      },
      "15": {
        "start": {
          "line": 54,
          "column": 4
        },
        "end": {
          "line": 54,
          "column": 142
        }
      },
      "16": {
        "start": {
          "line": 55,
          "column": 4
        },
        "end": {
          "line": 61,
          "column": 7
        }
      },
      "17": {
        "start": {
          "line": 56,
          "column": 6
        },
        "end": {
          "line": 57,
          "column": 15
        }
      },
      "18": {
        "start": {
          "line": 57,
          "column": 8
        },
        "end": {
          "line": 57,
          "column": 15
        }
      },
      "19": {
        "start": {
          "line": 58,
          "column": 32
        },
        "end": {
          "line": 58,
          "column": 115
        }
      },
      "20": {
        "start": {
          "line": 59,
          "column": 6
        },
        "end": {
          "line": 60,
          "column": 54
        }
      },
      "21": {
        "start": {
          "line": 60,
          "column": 8
        },
        "end": {
          "line": 60,
          "column": 54
        }
      }
    },
    "fnMap": {
      "0": {
        "name": "(anonymous_0)",
        "decl": {
          "start": {
            "line": 11,
            "column": 24
          },
          "end": {
            "line": 11,
            "column": 25
          }
        },
        "loc": {
          "start": {
            "line": 11,
            "column": 38
          },
          "end": {
            "line": 13,
            "column": 3
          }
        },
        "line": 11
      },
      "1": {
        "name": "App",
        "decl": {
          "start": {
            "line": 21,
            "column": 9
          },
          "end": {
            "line": 21,
            "column": 12
          }
        },
        "loc": {
          "start": {
            "line": 21,
            "column": 15
          },
          "end": {
            "line": 42,
            "column": 1
          }
        },
        "line": 21
      },
      "2": {
        "name": "(anonymous_2)",
        "decl": {
          "start": {
            "line": 53,
            "column": 9
          },
          "end": {
            "line": 53,
            "column": 10
          }
        },
        "loc": {
          "start": {
            "line": 53,
            "column": 29
          },
          "end": {
            "line": 62,
            "column": 3
          }
        },
        "line": 53
      },
      "3": {
        "name": "(anonymous_3)",
        "decl": {
          "start": {
            "line": 55,
            "column": 27
          },
          "end": {
            "line": 55,
            "column": 28
          }
        },
        "loc": {
          "start": {
            "line": 55,
            "column": 44
          },
          "end": {
            "line": 61,
            "column": 5
          }
        },
        "line": 55
      }
    },
    "branchMap": {
      "0": {
        "loc": {
          "start": {
            "line": 5,
            "column": 0
          },
          "end": {
            "line": 15,
            "column": 1
          }
        },
        "type": "if",
        "locations": [
          {
            "start": {
              "line": 5,
              "column": 0
            },
            "end": {
              "line": 15,
              "column": 1
            }
          },
          {
            "start": {},
            "end": {}
          }
        ],
        "line": 5
      },
      "1": {
        "loc": {
          "start": {
            "line": 6,
            "column": 2
          },
          "end": {
            "line": 8,
            "column": 3
          }
        },
        "type": "if",
        "locations": [
          {
            "start": {
              "line": 6,
              "column": 2
            },
            "end": {
              "line": 8,
              "column": 3
            }
          },
          {
            "start": {},
            "end": {}
          }
        ],
        "line": 6
      },
      "2": {
        "loc": {
          "start": {
            "line": 47,
            "column": 0
          },
          "end": {
            "line": 63,
            "column": 1
          }
        },
        "type": "if",
        "locations": [
          {
            "start": {
              "line": 47,
              "column": 0
            },
            "end": {
              "line": 63,
              "column": 1
            }
          },
          {
            "start": {},
            "end": {}
          }
        ],
        "line": 47
      },
      "3": {
        "loc": {
          "start": {
            "line": 56,
            "column": 6
          },
          "end": {
            "line": 57,
            "column": 15
          }
        },
        "type": "if",
        "locations": [
          {
            "start": {
              "line": 56,
              "column": 6
            },
            "end": {
              "line": 57,
              "column": 15
            }
          },
          {
            "start": {},
            "end": {}
          }
        ],
        "line": 56
      },
      "4": {
        "loc": {
          "start": {
            "line": 59,
            "column": 6
          },
          "end": {
            "line": 60,
            "column": 54
          }
        },
        "type": "if",
        "locations": [
          {
            "start": {
              "line": 59,
              "column": 6
            },
            "end": {
              "line": 60,
              "column": 54
            }
          },
          {
            "start": {},
            "end": {}
          }
        ],
        "line": 59
      }
    },
    "s": {
      "0": 5,
      "1": 5,
      "2": 0,
      "3": 5,
      "4": 5,
      "5": 5,
      "6": 5,
      "7": 5,
      "8": 4,
      "9": 5,
      "10": 5,
      "11": 5,
      "12": 5,
      "13": 5,
      "14": 5,
      "15": 2,
      "16": 2,
      "17": 0,
      "18": 0,
      "19": 0,
      "20": 0,
      "21": 0
    },
    "f": {
      "0": 5,
      "1": 4,
      "2": 2,
      "3": 0
    },
    "b": {
      "0": [
        5,
        0
      ],
      "1": [
        0,
        5
      ],
      "2": [
        5,
        0
      ],
      "3": [
        0,
        0
      ],
      "4": [
        0,
        0
      ]
    },
    "inputSourceMap": {
      "version": 3,
      "mappings": "AAUM,mBACE,cADF;AAVN,OAAO,oBAAW;AAAA;AAAA;AAAA;AAAA;AAAA;AAAA;AAAA;AAAA;AAAA;AAAA;AAAA;AAAA;AAAA;AAAA;AAClB,SAASA,cAAc;AAEvB,OAAOC,WAAW;AAClB,SAASC,gBAAgB;AACzB,OAAOC,YAAY;AAEnB,SAASC,MAAM;AACb,SACE,uBAAC,YAAS,OACR,6CACE;AAAA,2BAAC,YAAD;AAAA;AAAA;AAAA;AAAA,WAAO;AAAA,IACP,uBAAC,YAAD;AAAA;AAAA;AAAA;AAAA,WAAO;AAAA,OAFT;AAAA;AAAA;AAAA;AAAA,SAGA,KAJF;AAAA;AAAA;AAAA;AAAA,SAKA;AAEJ;AAACC,KATQD;AAWT,eAAeA;AAAI;AAAAE",
      "names": [
        "Outlet",
        "store",
        "Provider",
        "Header",
        "App",
        "_c",
        "$RefreshReg$"
      ],
      "sources": [
        "C:/Users/lesha/OneDrive/Документы/VSCode/react/RSSchoolReact/src/App.tsx"
      ],
      "file": "C:/Users/lesha/OneDrive/Документы/VSCode/react/RSSchoolReact/src/App.tsx"
    },
    "_coverageSchema": "1a1c01bbd47fc00a2c39e90264f33305004495a9",
    "hash": "f790ba92c829164a444dc0e09e2475548e783b7c"
  },
  "C:/Users/lesha/OneDrive/Документы/VSCode/react/RSSchoolReact/src/routes/test.tsx": {
    "path": "C:/Users/lesha/OneDrive/Документы/VSCode/react/RSSchoolReact/src/routes/test.tsx",
    "statementMap": {
      "0": {
        "start": {
          "line": 4,
          "column": 15
        },
        "end": {
          "line": 40,
          "column": 2
        }
      },
      "1": {
        "start": {
          "line": 41,
          "column": 14
        },
        "end": {
          "line": 41,
          "column": 63
        }
      },
      "2": {
        "start": {
          "line": 41,
          "column": 27
        },
        "end": {
          "line": 41,
          "column": 63
        }
      },
      "3": {
        "start": {
          "line": 41,
          "column": 46
        },
        "end": {
          "line": 41,
          "column": 62
        }
      },
      "4": {
        "start": {
          "line": 42,
          "column": 13
        },
        "end": {
          "line": 42,
          "column": 50
        }
      },
      "5": {
        "start": {
          "line": 42,
          "column": 19
        },
        "end": {
          "line": 42,
          "column": 50
        }
      },
      "6": {
        "start": {
          "line": 44,
          "column": 2
        },
        "end": {
          "line": 44,
          "column": 16
        }
      },
      "7": {
        "start": {
          "line": 45,
          "column": 2
        },
        "end": {
          "line": 47,
          "column": 4
        }
      }
    },
    "fnMap": {
      "0": {
        "name": "(anonymous_0)",
        "decl": {
          "start": {
            "line": 41,
            "column": 14
          },
          "end": {
            "line": 41,
            "column": 15
          }
        },
        "loc": {
          "start": {
            "line": 41,
            "column": 27
          },
          "end": {
            "line": 41,
            "column": 63
          }
        },
        "line": 41
      },
      "1": {
        "name": "(anonymous_1)",
        "decl": {
          "start": {
            "line": 41,
            "column": 39
          },
          "end": {
            "line": 41,
            "column": 40
          }
        },
        "loc": {
          "start": {
            "line": 41,
            "column": 46
          },
          "end": {
            "line": 41,
            "column": 62
          }
        },
        "line": 41
      },
      "2": {
        "name": "(anonymous_2)",
        "decl": {
          "start": {
            "line": 42,
            "column": 13
          },
          "end": {
            "line": 42,
            "column": 14
          }
        },
        "loc": {
          "start": {
            "line": 42,
            "column": 19
          },
          "end": {
            "line": 42,
            "column": 50
          }
        },
        "line": 42
      },
      "3": {
        "name": "mainLoader",
        "decl": {
          "start": {
            "line": 43,
            "column": 15
          },
          "end": {
            "line": 43,
            "column": 25
          }
        },
        "loc": {
          "start": {
            "line": 43,
            "column": 28
          },
          "end": {
            "line": 48,
            "column": 1
          }
        },
        "line": 43
      }
    },
    "branchMap": {
      "0": {
        "loc": {
          "start": {
            "line": 41,
            "column": 15
          },
          "end": {
            "line": 41,
            "column": 22
          }
        },
        "type": "default-arg",
        "locations": [
          {
            "start": {
              "line": 41,
              "column": 19
            },
            "end": {
              "line": 41,
              "column": 22
            }
          }
        ],
        "line": 41
      }
    },
    "s": {
      "0": 5,
      "1": 5,
      "2": 0,
      "3": 0,
      "4": 5,
      "5": 0,
      "6": 0,
      "7": 0
    },
    "f": {
      "0": 0,
      "1": 0,
      "2": 0,
      "3": 0
    },
    "b": {
      "0": [
        0
      ]
    },
    "inputSourceMap": {
      "version": 3,
      "mappings": "AAQa;AAPb,SAASA,UAAUC,WAAWC,WAAWC,iBAAiB;AAE1D,OAAOC,SAAS;AAEhB,MAAMC,SAAwB,CAC5B;AAAA,EACEC,MAAM;AAAA,EACNC,SAAS,uBAAC,SAAD;AAAA;AAAA;AAAA;AAAA,SAAI;AAAA,EACbC,UAAU,CACR;AAAA,IACEC,OAAO;AAAA,IACPF,SAAS,uBAAC,cAAD;AAAA;AAAA;AAAA;AAAA,WAAS;AAAA,EACpB,GACA;AAAA,IACED,MAAM;AAAA,IACNC,SAAS,uBAAC,eAAD;AAAA;AAAA;AAAA;AAAA,WAAU;AAAA,EACrB,GACA;AAAA,IACED,MAAM;AAAA,IACNC,SAAS,uBAAC,eAAD;AAAA;AAAA;AAAA;AAAA,WAAU;AAAA,EACrB,CAAC;AAEL,GACA;AAAA,EACED,MAAM;AAAA,EACNC,SAAS,uBAAC,eAAD;AAAA;AAAA;AAAA;AAAA,SAAU;AACrB,CAAC;AAGH,MAAMG,QAAQA,CAACC,IAAI,QAAQ,IAAIC,QAASC,OAAMC,WAAWD,GAAGF,CAAC,CAAC;AAC9D,MAAMI,OAAOA,MAAMC,KAAKC,MAAMD,KAAKE,OAAM,IAAK,GAAG;AAEjD,eAAeC,aAAa;AAC1B,QAAMT,MAAK;AACX,SAAO;AAAA,IAAEU,MAAO,8BAA6BL,KAAI;AAAA,EAAK;AACxD;AAEA,eAAeV",
      "names": [
        "MainPage",
        "AboutPage",
        "FormsPage",
        "ErrorPage",
        "App",
        "routes",
        "path",
        "element",
        "children",
        "index",
        "sleep",
        "n",
        "Promise",
        "r",
        "setTimeout",
        "rand",
        "Math",
        "round",
        "random",
        "mainLoader",
        "data"
      ],
      "sources": [
        "C:/Users/lesha/OneDrive/Документы/VSCode/react/RSSchoolReact/src/routes/test.tsx"
      ],
      "file": "C:/Users/lesha/OneDrive/Документы/VSCode/react/RSSchoolReact/src/routes/test.tsx"
    },
    "_coverageSchema": "1a1c01bbd47fc00a2c39e90264f33305004495a9",
    "hash": "5bbc38319a4e0a47b0226ea4651940d4617afe89"
  },
  "C:/Users/lesha/OneDrive/Документы/VSCode/react/RSSchoolReact/src/entry-client.tsx": {
    "path": "C:/Users/lesha/OneDrive/Документы/VSCode/react/RSSchoolReact/src/entry-client.tsx",
    "statementMap": {
      "0": {
        "start": {
          "line": 6,
          "column": 0
        },
        "end": {
          "line": 6,
          "column": 10
        }
      },
      "1": {
        "start": {
          "line": 8,
          "column": 17
        },
        "end": {
          "line": 8,
          "column": 44
        }
      },
      "2": {
        "start": {
          "line": 9,
          "column": 2
        },
        "end": {
          "line": 13,
          "column": 12
        }
      },
      "3": {
        "start": {
          "line": 14,
          "column": 2
        },
        "end": {
          "line": 14,
          "column": 26
        }
      }
    },
    "fnMap": {
      "0": {
        "name": "hydrate",
        "decl": {
          "start": {
            "line": 7,
            "column": 15
          },
          "end": {
            "line": 7,
            "column": 22
          }
        },
        "loc": {
          "start": {
            "line": 7,
            "column": 25
          },
          "end": {
            "line": 15,
            "column": 1
          }
        },
        "line": 7
      }
    },
    "branchMap": {},
    "s": {
      "0": 5,
      "1": 5,
      "2": 5,
      "3": 5
    },
    "f": {
      "0": 5
    },
    "b": {},
    "inputSourceMap": {
      "version": 3,
      "mappings": "AAaI;AAZJ,OAAOA,cAAc;AACrB,SAASC,gBAAgBC,2BAA2B;AACpD,OAAO;AACP,OAAOC,YAAY;AAEnBC,QAAO;AAEP,eAAeA,UAAU;AACvB,QAAMC,SAASH,oBAAoBC,MAAM;AAEzCH,WAASM,YACPC,SAASC,eAAe,MAAM,GAC9B,uBAAC,kBAAe,UAAhB;AAAA;AAAA;AAAA;AAAA,SAA+B,CAAG;AAGpCC,UAAQC,IAAI,UAAU;AACxB",
      "names": [
        "ReactDOM",
        "RouterProvider",
        "createBrowserRouter",
        "routes",
        "hydrate",
        "router",
        "hydrateRoot",
        "document",
        "getElementById",
        "console",
        "log"
      ],
      "sources": [
        "C:/Users/lesha/OneDrive/Документы/VSCode/react/RSSchoolReact/src/entry-client.tsx"
      ],
      "file": "C:/Users/lesha/OneDrive/Документы/VSCode/react/RSSchoolReact/src/entry-client.tsx"
    },
    "_coverageSchema": "1a1c01bbd47fc00a2c39e90264f33305004495a9",
    "hash": "cff7014e9434a7c90b1a437bc923146f5c011f59"
  },
  "C:/Users/lesha/OneDrive/Документы/VSCode/react/RSSchoolReact/src/entry-server.tsx": {
    "path": "C:/Users/lesha/OneDrive/Документы/VSCode/react/RSSchoolReact/src/entry-server.tsx",
    "statementMap": {},
    "fnMap": {},
    "branchMap": {},
    "s": {},
    "f": {},
    "b": {}
  }
}
