<?xml version="1.0" encoding="UTF-8"?>
<coverage generated="1682929496327" clover="3.2.0">
  <project timestamp="1682929496327" name="All files">
    <metrics statements="160" coveredstatements="144" conditionals="64" coveredconditionals="51" methods="70" coveredmethods="63" elements="294" coveredelements="258" complexity="0" loc="160" ncloc="160" packages="11" files="28" classes="28"/>
    <package name="src">
      <metrics statements="8" coveredstatements="8" conditionals="1" coveredconditionals="1" methods="3" coveredmethods="3"/>
      <file name="App.tsx" path="C:/Users/lesha/OneDrive/Документы/VSCode/react/RSSchoolReact/src/App.tsx">
        <metrics statements="4" coveredstatements="4" conditionals="1" coveredconditionals="1" methods="2" coveredmethods="2"/>
        <line num="1" count="35" type="cond" truecount="1" falsecount="0"/>
        <line num="9" count="4" type="stmt"/>
        <line num="17" count="5" type="stmt"/>
        <line num="19" count="5" type="stmt"/>
      </file>
      <file name="entry-client.tsx" path="C:/Users/lesha/OneDrive/Документы/VSCode/react/RSSchoolReact/src/entry-client.tsx">
        <metrics statements="4" coveredstatements="4" conditionals="0" coveredconditionals="0" methods="1" coveredmethods="1"/>
        <line num="7" count="5" type="stmt"/>
        <line num="10" count="5" type="stmt"/>
        <line num="12" count="5" type="stmt"/>
        <line num="17" count="5" type="stmt"/>
      </file>
      <file name="entry-server.tsx" path="C:/Users/lesha/OneDrive/Документы/VSCode/react/RSSchoolReact/src/entry-server.tsx">
        <metrics statements="0" coveredstatements="0" conditionals="0" coveredconditionals="0" methods="0" coveredmethods="0"/>
      </file>
    </package>
    <package name="src.components">
      <metrics statements="15" coveredstatements="14" conditionals="9" coveredconditionals="6" methods="7" coveredmethods="7"/>
      <file name="ErrorMessage.tsx" path="C:/Users/lesha/OneDrive/Документы/VSCode/react/RSSchoolReact/src/components/ErrorMessage.tsx">
        <metrics statements="6" coveredstatements="5" conditionals="4" coveredconditionals="2" methods="2" coveredmethods="2"/>
        <line num="1" count="35" type="cond" truecount="1" falsecount="0"/>
        <line num="4" count="5" type="stmt"/>
        <line num="5" count="24" type="cond" truecount="1" falsecount="0"/>
        <line num="6" count="24" type="stmt"/>
        <line num="9" count="0" type="cond" truecount="0" falsecount="2"/>
        <line num="10" count="5" type="stmt"/>
      </file>
      <file name="Header.tsx" path="C:/Users/lesha/OneDrive/Документы/VSCode/react/RSSchoolReact/src/components/Header.tsx">
        <metrics statements="9" coveredstatements="9" conditionals="5" coveredconditionals="4" methods="5" coveredmethods="5"/>
        <line num="6" count="5" type="stmt"/>
        <line num="7" count="5" type="stmt"/>
        <line num="8" count="9" type="cond" truecount="1" falsecount="1"/>
        <line num="10" count="12" type="cond" truecount="2" falsecount="0"/>
        <line num="12" count="4" type="stmt"/>
        <line num="17" count="16" type="cond" truecount="1" falsecount="0"/>
        <line num="18" count="4" type="stmt"/>
        <line num="20" count="12" type="stmt"/>
        <line num="29" count="5" type="stmt"/>
      </file>
    </package>
    <package name="src.components.Form">
      <metrics statements="34" coveredstatements="32" conditionals="16" coveredconditionals="14" methods="16" coveredmethods="15"/>
      <file name="FormComponent.tsx" path="C:/Users/lesha/OneDrive/Документы/VSCode/react/RSSchoolReact/src/components/Form/FormComponent.tsx">
        <metrics statements="14" coveredstatements="14" conditionals="12" coveredconditionals="10" methods="5" coveredmethods="5"/>
        <line num="13" count="5" type="stmt"/>
        <line num="14" count="5" type="stmt"/>
        <line num="15" count="5" type="stmt"/>
        <line num="17" count="5" type="stmt"/>
        <line num="24" count="4" type="stmt"/>
        <line num="29" count="5" type="stmt"/>
        <line num="30" count="4" type="stmt"/>
        <line num="31" count="1" type="stmt"/>
        <line num="38" count="1" type="stmt"/>
        <line num="41" count="4" type="stmt"/>
        <line num="43" count="4" type="stmt"/>
        <line num="85" count="1" type="cond" truecount="1" falsecount="1"/>
        <line num="86" count="1" type="cond" truecount="1" falsecount="1"/>
        <line num="118" count="5" type="stmt"/>
      </file>
      <file name="Notification.tsx" path="C:/Users/lesha/OneDrive/Документы/VSCode/react/RSSchoolReact/src/components/Form/Notification.tsx">
        <metrics statements="5" coveredstatements="3" conditionals="1" coveredconditionals="1" methods="2" coveredmethods="1"/>
        <line num="1" count="35" type="cond" truecount="1" falsecount="0"/>
        <line num="3" count="5" type="stmt"/>
        <line num="4" count="0" type="stmt"/>
        <line num="6" count="0" type="stmt"/>
        <line num="11" count="5" type="stmt"/>
      </file>
      <file name="RadioBtns.tsx" path="C:/Users/lesha/OneDrive/Документы/VSCode/react/RSSchoolReact/src/components/Form/RadioBtns.tsx">
        <metrics statements="5" coveredstatements="5" conditionals="1" coveredconditionals="1" methods="3" coveredmethods="3"/>
        <line num="1" count="35" type="cond" truecount="1" falsecount="0"/>
        <line num="6" count="5" type="stmt"/>
        <line num="7" count="4" type="stmt"/>
        <line num="10" count="8" type="stmt"/>
        <line num="25" count="5" type="stmt"/>
      </file>
      <file name="Select.tsx" path="C:/Users/lesha/OneDrive/Документы/VSCode/react/RSSchoolReact/src/components/Form/Select.tsx">
        <metrics statements="5" coveredstatements="5" conditionals="1" coveredconditionals="1" methods="3" coveredmethods="3"/>
        <line num="1" count="35" type="cond" truecount="1" falsecount="0"/>
        <line num="6" count="5" type="stmt"/>
        <line num="7" count="4" type="stmt"/>
        <line num="22" count="16" type="stmt"/>
        <line num="30" count="5" type="stmt"/>
      </file>
      <file name="Tags.tsx" path="C:/Users/lesha/OneDrive/Документы/VSCode/react/RSSchoolReact/src/components/Form/Tags.tsx">
        <metrics statements="5" coveredstatements="5" conditionals="1" coveredconditionals="1" methods="3" coveredmethods="3"/>
        <line num="1" count="35" type="cond" truecount="1" falsecount="0"/>
        <line num="6" count="5" type="stmt"/>
        <line num="7" count="4" type="stmt"/>
        <line num="11" count="16" type="stmt"/>
        <line num="31" count="5" type="stmt"/>
      </file>
    </package>
    <package name="src.components.FormCardList">
      <metrics statements="9" coveredstatements="9" conditionals="3" coveredconditionals="2" methods="6" coveredmethods="6"/>
      <file name="Card.tsx" path="C:/Users/lesha/OneDrive/Документы/VSCode/react/RSSchoolReact/src/components/FormCardList/Card.tsx">
        <metrics statements="2" coveredstatements="2" conditionals="2" coveredconditionals="1" methods="2" coveredmethods="2"/>
        <line num="9" count="1" type="stmt"/>
        <line num="17" count="2" type="stmt"/>
      </file>
      <file name="CardsList.tsx" path="C:/Users/lesha/OneDrive/Документы/VSCode/react/RSSchoolReact/src/components/FormCardList/CardsList.tsx">
        <metrics statements="7" coveredstatements="7" conditionals="1" coveredconditionals="1" methods="4" coveredmethods="4"/>
        <line num="5" count="5" type="stmt"/>
        <line num="6" count="5" type="stmt"/>
        <line num="7" count="3" type="cond" truecount="1" falsecount="0"/>
        <line num="8" count="2" type="stmt"/>
        <line num="14" count="1" type="stmt"/>
        <line num="17" count="1" type="stmt"/>
        <line num="21" count="5" type="stmt"/>
      </file>
    </package>
    <package name="src.components.Loader">
      <metrics statements="12" coveredstatements="12" conditionals="10" coveredconditionals="9" methods="3" coveredmethods="3"/>
      <file name="Loader.tsx" path="C:/Users/lesha/OneDrive/Документы/VSCode/react/RSSchoolReact/src/components/Loader/Loader.tsx">
        <metrics statements="12" coveredstatements="12" conditionals="10" coveredconditionals="9" methods="3" coveredmethods="3"/>
        <line num="1" count="35" type="cond" truecount="1" falsecount="0"/>
        <line num="4" count="5" type="stmt"/>
        <line num="8" count="5" type="stmt"/>
        <line num="10" count="5" type="stmt"/>
        <line num="15" count="5" type="stmt"/>
        <line num="25" count="4" type="stmt"/>
        <line num="26" count="4" type="stmt"/>
        <line num="27" count="4" type="stmt"/>
        <line num="28" count="4" type="stmt"/>
        <line num="29" count="4" type="stmt"/>
        <line num="83" count="5" type="stmt"/>
        <line num="85" count="5" type="stmt"/>
      </file>
    </package>
    <package name="src.components.Main">
      <metrics statements="9" coveredstatements="6" conditionals="0" coveredconditionals="0" methods="4" coveredmethods="3"/>
      <file name="SearchBar.tsx" path="C:/Users/lesha/OneDrive/Документы/VSCode/react/RSSchoolReact/src/components/Main/SearchBar.tsx">
        <metrics statements="9" coveredstatements="6" conditionals="0" coveredconditionals="0" methods="4" coveredmethods="3"/>
        <line num="5" count="5" type="stmt"/>
        <line num="6" count="1" type="stmt"/>
        <line num="7" count="1" type="stmt"/>
        <line num="10" count="0" type="stmt"/>
        <line num="11" count="0" type="stmt"/>
        <line num="12" count="0" type="stmt"/>
        <line num="17" count="1" type="stmt"/>
        <line num="26" count="8" type="stmt"/>
        <line num="33" count="5" type="stmt"/>
      </file>
    </package>
    <package name="src.components.MainCardList">
      <metrics statements="19" coveredstatements="17" conditionals="7" coveredconditionals="6" methods="9" coveredmethods="8"/>
      <file name="Card.tsx" path="C:/Users/lesha/OneDrive/Документы/VSCode/react/RSSchoolReact/src/components/MainCardList/Card.tsx">
        <metrics statements="4" coveredstatements="4" conditionals="1" coveredconditionals="1" methods="2" coveredmethods="2"/>
        <line num="1" count="35" type="cond" truecount="1" falsecount="0"/>
        <line num="5" count="5" type="stmt"/>
        <line num="6" count="40" type="stmt"/>
        <line num="19" count="5" type="stmt"/>
      </file>
      <file name="CardsList.tsx" path="C:/Users/lesha/OneDrive/Документы/VSCode/react/RSSchoolReact/src/components/MainCardList/CardsList.tsx">
        <metrics statements="15" coveredstatements="13" conditionals="6" coveredconditionals="5" methods="7" coveredmethods="6"/>
        <line num="8" count="5" type="stmt"/>
        <line num="9" count="12" type="stmt"/>
        <line num="10" count="5" type="stmt"/>
        <line num="11" count="4" type="stmt"/>
        <line num="12" count="4" type="stmt"/>
        <line num="14" count="1" type="stmt"/>
        <line num="15" count="1" type="stmt"/>
        <line num="17" count="4" type="cond" truecount="1" falsecount="0"/>
        <line num="18" count="2" type="stmt"/>
        <line num="21" count="2" type="cond" truecount="2" falsecount="1"/>
        <line num="22" count="0" type="stmt"/>
        <line num="29" count="2" type="stmt"/>
        <line num="33" count="40" type="stmt"/>
        <line num="36" count="0" type="cond" truecount="2" falsecount="0"/>
        <line num="39" count="5" type="stmt"/>
      </file>
    </package>
    <package name="src.components.Modal">
      <metrics statements="13" coveredstatements="10" conditionals="10" coveredconditionals="8" methods="5" coveredmethods="4"/>
      <file name="Modal.tsx" path="C:/Users/lesha/OneDrive/Документы/VSCode/react/RSSchoolReact/src/components/Modal/Modal.tsx">
        <metrics statements="7" coveredstatements="5" conditionals="5" coveredconditionals="4" methods="3" coveredmethods="2"/>
        <line num="13" count="5" type="stmt"/>
        <line num="14" count="5" type="stmt"/>
        <line num="17" count="0" type="cond" truecount="0" falsecount="1"/>
        <line num="18" count="0" type="stmt"/>
        <line num="22" count="3" type="stmt"/>
        <line num="33" count="5" type="stmt"/>
        <line num="35" count="5" type="stmt"/>
      </file>
      <file name="ModalContent.tsx" path="C:/Users/lesha/OneDrive/Документы/VSCode/react/RSSchoolReact/src/components/Modal/ModalContent.tsx">
        <metrics statements="6" coveredstatements="5" conditionals="5" coveredconditionals="4" methods="2" coveredmethods="2"/>
        <line num="1" count="35" type="cond" truecount="1" falsecount="0"/>
        <line num="10" count="5" type="stmt"/>
        <line num="11" count="1" type="cond" truecount="1" falsecount="1"/>
        <line num="12" count="1" type="stmt"/>
        <line num="55" count="0" type="stmt"/>
        <line num="56" count="5" type="stmt"/>
      </file>
    </package>
    <package name="src.pages">
      <metrics statements="21" coveredstatements="17" conditionals="6" coveredconditionals="4" methods="9" coveredmethods="7"/>
      <file name="AboutPage.tsx" path="C:/Users/lesha/OneDrive/Документы/VSCode/react/RSSchoolReact/src/pages/AboutPage.tsx">
        <metrics statements="4" coveredstatements="4" conditionals="1" coveredconditionals="1" methods="2" coveredmethods="2"/>
        <line num="1" count="35" type="cond" truecount="1" falsecount="0"/>
        <line num="3" count="5" type="stmt"/>
        <line num="4" count="1" type="stmt"/>
        <line num="9" count="5" type="stmt"/>
      </file>
      <file name="ErrorPage.tsx" path="C:/Users/lesha/OneDrive/Документы/VSCode/react/RSSchoolReact/src/pages/ErrorPage.tsx">
        <metrics statements="4" coveredstatements="4" conditionals="1" coveredconditionals="1" methods="2" coveredmethods="2"/>
        <line num="1" count="35" type="cond" truecount="1" falsecount="0"/>
        <line num="4" count="5" type="stmt"/>
        <line num="5" count="1" type="stmt"/>
        <line num="11" count="5" type="stmt"/>
      </file>
      <file name="FormsPage.tsx" path="C:/Users/lesha/OneDrive/Документы/VSCode/react/RSSchoolReact/src/pages/FormsPage.tsx">
        <metrics statements="9" coveredstatements="5" conditionals="3" coveredconditionals="1" methods="3" coveredmethods="1"/>
        <line num="6" count="5" type="stmt"/>
        <line num="7" count="2" type="stmt"/>
        <line num="9" count="2" type="stmt"/>
        <line num="13" count="0" type="cond" truecount="0" falsecount="1"/>
        <line num="14" count="0" type="stmt"/>
        <line num="15" count="0" type="stmt"/>
        <line num="16" count="0" type="stmt"/>
        <line num="20" count="2" type="stmt"/>
        <line num="29" count="5" type="stmt"/>
      </file>
      <file name="MainPage.tsx" path="C:/Users/lesha/OneDrive/Документы/VSCode/react/RSSchoolReact/src/pages/MainPage.tsx">
        <metrics statements="4" coveredstatements="4" conditionals="1" coveredconditionals="1" methods="2" coveredmethods="2"/>
        <line num="1" count="35" type="cond" truecount="1" falsecount="0"/>
        <line num="6" count="5" type="stmt"/>
        <line num="7" count="1" type="stmt"/>
        <line num="16" count="5" type="stmt"/>
      </file>
    </package>
    <package name="src.routes">
      <metrics statements="2" coveredstatements="2" conditionals="0" coveredconditionals="0" methods="0" coveredmethods="0"/>
      <file name="index.tsx" path="C:/Users/lesha/OneDrive/Документы/VSCode/react/RSSchoolReact/src/routes/index.tsx">
        <metrics statements="2" coveredstatements="2" conditionals="0" coveredconditionals="0" methods="0" coveredmethods="0"/>
        <line num="6" count="5" type="stmt"/>
        <line num="31" count="5" type="stmt"/>
      </file>
    </package>
    <package name="src.store">
      <metrics statements="18" coveredstatements="17" conditionals="2" coveredconditionals="1" methods="8" coveredmethods="7"/>
      <file name="formSlice.ts" path="C:/Users/lesha/OneDrive/Документы/VSCode/react/RSSchoolReact/src/store/formSlice.ts">
        <metrics statements="4" coveredstatements="4" conditionals="0" coveredconditionals="0" methods="1" coveredmethods="1"/>
        <line num="4" count="5" type="stmt"/>
        <line num="6" count="5" type="stmt"/>
        <line num="13" count="1" type="stmt"/>
        <line num="18" count="5" type="stmt"/>
      </file>
      <file name="hook.ts" path="C:/Users/lesha/OneDrive/Документы/VSCode/react/RSSchoolReact/src/store/hook.ts">
        <metrics statements="2" coveredstatements="2" conditionals="0" coveredconditionals="0" methods="1" coveredmethods="1"/>
        <line num="4" count="5" type="stmt"/>
        <line num="5" count="5" type="stmt"/>
      </file>
      <file name="index.ts" path="C:/Users/lesha/OneDrive/Документы/VSCode/react/RSSchoolReact/src/store/index.ts">
        <metrics statements="4" coveredstatements="4" conditionals="0" coveredconditionals="0" methods="2" coveredmethods="2"/>
        <line num="11" count="5" type="stmt"/>
        <line num="17" count="5" type="stmt"/>
        <line num="20" count="5" type="stmt"/>
        <line num="24" count="5" type="stmt"/>
      </file>
      <file name="rtkApi.ts" path="C:/Users/lesha/OneDrive/Документы/VSCode/react/RSSchoolReact/src/store/rtkApi.ts">
        <metrics statements="5" coveredstatements="5" conditionals="2" coveredconditionals="1" methods="3" coveredmethods="3"/>
        <line num="4" count="5" type="stmt"/>
        <line num="9" count="5" type="stmt"/>
        <line num="11" count="1" type="cond" truecount="1" falsecount="1"/>
        <line num="14" count="1" type="stmt"/>
        <line num="19" count="5" type="stmt"/>
      </file>
      <file name="searchSlice.ts" path="C:/Users/lesha/OneDrive/Документы/VSCode/react/RSSchoolReact/src/store/searchSlice.ts">
        <metrics statements="3" coveredstatements="2" conditionals="0" coveredconditionals="0" methods="1" coveredmethods="0"/>
        <line num="3" count="5" type="stmt"/>
        <line num="10" count="0" type="stmt"/>
        <line num="15" count="5" type="stmt"/>
      </file>
    </package>
  </project>
</coverage>
