{"C:/Users/lesha/OneDrive/Документы/VSCode/react/RSSchoolReact/src/App.tsx": {"path":"C:/Users/lesha/OneDrive/Документы/VSCode/react/RSSchoolReact/src/App.tsx","statementMap":{"0":{"start":{"line":1,"column":18},"end":{"line":1,"column":null}},"1":{"start":{"line":9,"column":2},"end":{"line":15,"column":null}},"2":{"start":{"line":17,"column":1},"end":{"line":8,"column":15}},"3":{"start":{"line":19,"column":19},"end":{"line":19,"column":null}}},"fnMap":{"0":{"name":"(anonymous_0)","decl":{"start":{"line":1,"column":18},"end":{"line":1,"column":null}},"loc":{"start":{"line":1,"column":18},"end":{"line":1,"column":null}}},"1":{"name":"App","decl":{"start":{"line":8,"column":9},"end":{"line":8,"column":15}},"loc":{"start":{"line":8,"column":15},"end":{"line":17,"column":1}}}},"branchMap":{"0":{"loc":{"start":{"line":1,"column":18},"end":{"line":1,"column":null}},"type":"if","locations":[{"start":{"line":1,"column":18},"end":{"line":1,"column":null}}]}},"s":{"0":35,"1":4,"2":5,"3":5},"f":{"0":5,"1":4},"b":{"0":[5]}}
,"C:/Users/lesha/OneDrive/Документы/VSCode/react/RSSchoolReact/src/entry-client.tsx": {"path":"C:/Users/lesha/OneDrive/Документы/VSCode/react/RSSchoolReact/src/entry-client.tsx","statementMap":{"0":{"start":{"line":7,"column":0},"end":{"line":7,"column":null}},"1":{"start":{"line":10,"column":17},"end":{"line":10,"column":null}},"2":{"start":{"line":12,"column":2},"end":{"line":14,"column":null}},"3":{"start":{"line":17,"column":2},"end":{"line":17,"column":null}}},"fnMap":{"0":{"name":"hydrate","decl":{"start":{"line":9,"column":15},"end":{"line":9,"column":25}},"loc":{"start":{"line":9,"column":25},"end":{"line":18,"column":null}}}},"branchMap":{},"s":{"0":5,"1":5,"2":5,"3":5},"f":{"0":5},"b":{}}
,"C:/Users/lesha/OneDrive/Документы/VSCode/react/RSSchoolReact/src/entry-server.tsx": {"path":"C:/Users/lesha/OneDrive/Документы/VSCode/react/RSSchoolReact/src/entry-server.tsx","statementMap":{},"fnMap":{},"branchMap":{},"s":{},"f":{},"b":{}}
,"C:/Users/lesha/OneDrive/Документы/VSCode/react/RSSchoolReact/src/components/ErrorMessage.tsx": {"path":"C:/Users/lesha/OneDrive/Документы/VSCode/react/RSSchoolReact/src/components/ErrorMessage.tsx","statementMap":{"0":{"start":{"line":1,"column":25},"end":{"line":1,"column":null}},"1":{"start":{"line":5,"column":2},"end":{"line":7,"column":null}},"2":{"start":{"line":6,"column":4},"end":{"line":6,"column":null}},"3":{"start":{"line":9,"column":2},"end":{"line":9,"column":null}},"4":{"start":{"line":10,"column":1},"end":{"line":4,"column":37}},"5":{"start":{"line":4,"column":37},"end":{"line":4,"column":38}}},"fnMap":{"0":{"name":"(anonymous_0)","decl":{"start":{"line":1,"column":25},"end":{"line":1,"column":null}},"loc":{"start":{"line":1,"column":25},"end":{"line":1,"column":null}}},"1":{"name":"WarningBanner","decl":{"start":{"line":4,"column":24},"end":{"line":4,"column":37}},"loc":{"start":{"line":4,"column":71},"end":{"line":10,"column":1}}}},"branchMap":{"0":{"loc":{"start":{"line":1,"column":25},"end":{"line":1,"column":null}},"type":"if","locations":[{"start":{"line":1,"column":25},"end":{"line":1,"column":null}}]},"1":{"loc":{"start":{"line":5,"column":2},"end":{"line":7,"column":null}},"type":"if","locations":[{"start":{"line":5,"column":2},"end":{"line":7,"column":null}}]},"2":{"loc":{"start":{"line":9,"column":48},"end":{"line":9,"column":81}},"type":"cond-expr","locations":[{"start":{"line":9,"column":59},"end":{"line":9,"column":70}},{"start":{"line":9,"column":70},"end":{"line":9,"column":81}}]}},"s":{"0":35,"1":24,"2":24,"3":0,"4":5,"5":5},"f":{"0":5,"1":24},"b":{"0":[5],"1":[24],"2":[0,0]}}
,"C:/Users/lesha/OneDrive/Документы/VSCode/react/RSSchoolReact/src/components/Header.tsx": {"path":"C:/Users/lesha/OneDrive/Документы/VSCode/react/RSSchoolReact/src/components/Header.tsx","statementMap":{"0":{"start":{"line":6,"column":33},"end":{"line":6,"column":null}},"1":{"start":{"line":7,"column":16},"end":{"line":7,"column":null}},"2":{"start":{"line":8,"column":15},"end":{"line":8,"column":null}},"3":{"start":{"line":8,"column":40},"end":{"line":8,"column":66}},"4":{"start":{"line":10,"column":20},"end":{"line":10,"column":null}},"5":{"start":{"line":10,"column":62},"end":{"line":10,"column":null}},"6":{"start":{"line":12,"column":2},"end":{"line":27,"column":null}},"7":{"start":{"line":17,"column":10},"end":{"line":19,"column":null}},"8":{"start":{"line":18,"column":12},"end":{"line":18,"column":null}},"9":{"start":{"line":20,"column":10},"end":{"line":23,"column":null}},"10":{"start":{"line":29,"column":1},"end":{"line":7,"column":null}},"11":{"start":{"line":6,"column":30},"end":{"line":7,"column":null}},"12":{"start":{"line":7,"column":27},"end":{"line":6,"column":30}},"13":{"start":{"line":6,"column":30},"end":{"line":6,"column":33}}},"fnMap":{"0":{"name":"Header","decl":{"start":{"line":6,"column":24},"end":{"line":6,"column":30}},"loc":{"start":{"line":6,"column":33},"end":{"line":29,"column":1}}},"1":{"name":"(anonymous_2)","decl":{"start":{"line":8,"column":33},"end":{"line":8,"column":40}},"loc":{"start":{"line":8,"column":40},"end":{"line":8,"column":66}}},"2":{"name":"(anonymous_3)","decl":{"start":{"line":10,"column":20},"end":{"line":10,"column":21}},"loc":{"start":{"line":10,"column":62},"end":{"line":10,"column":null}}},"3":{"name":"(anonymous_4)","decl":{"start":{"line":16,"column":26},"end":{"line":16,"column":33}},"loc":{"start":{"line":16,"column":33},"end":{"line":25,"column":9}}},"4":{"name":"(anonymous_5)","decl":{"start":{"line":6,"column":30},"end":{"line":6,"column":33}},"loc":{"start":{"line":6,"column":30},"end":{"line":7,"column":null}}}},"branchMap":{"0":{"loc":{"start":{"line":8,"column":15},"end":{"line":8,"column":null}},"type":"binary-expr","locations":[{"start":{"line":8,"column":15},"end":{"line":8,"column":77}},{"start":{"line":8,"column":77},"end":{"line":8,"column":null}}]},"1":{"loc":{"start":{"line":10,"column":62},"end":{"line":10,"column":null}},"type":"cond-expr","locations":[{"start":{"line":10,"column":73},"end":{"line":10,"column":89}},{"start":{"line":10,"column":89},"end":{"line":10,"column":null}}]},"2":{"loc":{"start":{"line":17,"column":10},"end":{"line":19,"column":null}},"type":"if","locations":[{"start":{"line":17,"column":10},"end":{"line":19,"column":null}}]}},"s":{"0":4,"1":4,"2":4,"3":9,"4":4,"5":12,"6":4,"7":16,"8":4,"9":12,"10":5,"11":4,"12":5,"13":5},"f":{"0":4,"1":9,"2":12,"3":16,"4":4},"b":{"0":[4,0],"1":[4,8],"2":[4]}}
,"C:/Users/lesha/OneDrive/Документы/VSCode/react/RSSchoolReact/src/components/Form/FormComponent.tsx": {"path":"C:/Users/lesha/OneDrive/Документы/VSCode/react/RSSchoolReact/src/components/Form/FormComponent.tsx","statementMap":{"0":{"start":{"line":13,"column":16},"end":{"line":13,"column":null}},"1":{"start":{"line":14,"column":17},"end":{"line":14,"column":null}},"2":{"start":{"line":15,"column":18},"end":{"line":15,"column":null}},"3":{"start":{"line":17,"column":40},"end":{"line":17,"column":null}},"4":{"start":{"line":24,"column":6},"end":{"line":28,"column":null}},"5":{"start":{"line":29,"column":19},"end":{"line":29,"column":null}},"6":{"start":{"line":30,"column":47},"end":{"line":39,"column":null}},"7":{"start":{"line":31,"column":4},"end":{"line":36,"column":null}},"8":{"start":{"line":38,"column":4},"end":{"line":38,"column":null}},"9":{"start":{"line":41,"column":26},"end":{"line":41,"column":null}},"10":{"start":{"line":43,"column":2},"end":{"line":116,"column":null}},"11":{"start":{"line":85,"column":38},"end":{"line":85,"column":null}},"12":{"start":{"line":86,"column":42},"end":{"line":86,"column":null}},"13":{"start":{"line":118,"column":1},"end":{"line":29,"column":null}},"14":{"start":{"line":17,"column":37},"end":{"line":29,"column":null}},"15":{"start":{"line":29,"column":33},"end":{"line":17,"column":37}},"16":{"start":{"line":17,"column":37},"end":{"line":17,"column":40}}},"fnMap":{"0":{"name":"FormComponent","decl":{"start":{"line":17,"column":24},"end":{"line":17,"column":37}},"loc":{"start":{"line":17,"column":40},"end":{"line":118,"column":1}}},"1":{"name":"(anonymous_2)","decl":{"start":{"line":30,"column":47},"end":{"line":30,"column":56}},"loc":{"start":{"line":30,"column":56},"end":{"line":39,"column":null}}},"2":{"name":"(anonymous_3)","decl":{"start":{"line":85,"column":28},"end":{"line":85,"column":38}},"loc":{"start":{"line":85,"column":38},"end":{"line":85,"column":null}}},"3":{"name":"(anonymous_4)","decl":{"start":{"line":86,"column":32},"end":{"line":86,"column":42}},"loc":{"start":{"line":86,"column":42},"end":{"line":86,"column":null}}},"4":{"name":"(anonymous_5)","decl":{"start":{"line":17,"column":37},"end":{"line":17,"column":40}},"loc":{"start":{"line":17,"column":37},"end":{"line":29,"column":null}}}},"branchMap":{"0":{"loc":{"start":{"line":73,"column":11},"end":{"line":75,"column":null}},"type":"cond-expr","locations":[{"start":{"line":74,"column":14},"end":{"line":74,"column":null}},{"start":{"line":75,"column":14},"end":{"line":75,"column":null}}]},"1":{"loc":{"start":{"line":73,"column":11},"end":{"line":73,"column":null}},"type":"binary-expr","locations":[{"start":{"line":73,"column":11},"end":{"line":73,"column":30}},{"start":{"line":73,"column":30},"end":{"line":73,"column":null}}]},"2":{"loc":{"start":{"line":85,"column":38},"end":{"line":85,"column":null}},"type":"binary-expr","locations":[{"start":{"line":85,"column":38},"end":{"line":85,"column":66}},{"start":{"line":85,"column":66},"end":{"line":85,"column":null}}]},"3":{"loc":{"start":{"line":86,"column":42},"end":{"line":86,"column":null}},"type":"binary-expr","locations":[{"start":{"line":86,"column":42},"end":{"line":86,"column":69}},{"start":{"line":86,"column":69},"end":{"line":86,"column":null}}]},"4":{"loc":{"start":{"line":91,"column":9},"end":{"line":96,"column":null}},"type":"cond-expr","locations":[{"start":{"line":92,"column":10},"end":{"line":94,"column":null}},{"start":{"line":96,"column":12},"end":{"line":96,"column":null}}]},"5":{"loc":{"start":{"line":91,"column":9},"end":{"line":91,"column":null}},"type":"binary-expr","locations":[{"start":{"line":91,"column":9},"end":{"line":91,"column":28}},{"start":{"line":91,"column":28},"end":{"line":91,"column":null}}]}},"s":{"0":5,"1":5,"2":5,"3":4,"4":4,"5":4,"6":4,"7":1,"8":1,"9":4,"10":4,"11":1,"12":1,"13":5,"14":2,"15":5,"16":5},"f":{"0":4,"1":1,"2":1,"3":1,"4":2},"b":{"0":[1,3],"1":[4,1],"2":[1,0],"3":[1,0],"4":[1,3],"5":[4,1]}}
,"C:/Users/lesha/OneDrive/Документы/VSCode/react/RSSchoolReact/src/components/Form/Notification.tsx": {"path":"C:/Users/lesha/OneDrive/Документы/VSCode/react/RSSchoolReact/src/components/Form/Notification.tsx","statementMap":{"0":{"start":{"line":1,"column":25},"end":{"line":1,"column":null}},"1":{"start":{"line":4,"column":22},"end":{"line":4,"column":null}},"2":{"start":{"line":6,"column":2},"end":{"line":9,"column":null}},"3":{"start":{"line":11,"column":1},"end":{"line":3,"column":36}},"4":{"start":{"line":3,"column":36},"end":{"line":3,"column":37}}},"fnMap":{"0":{"name":"(anonymous_0)","decl":{"start":{"line":1,"column":25},"end":{"line":1,"column":null}},"loc":{"start":{"line":1,"column":25},"end":{"line":1,"column":null}}},"1":{"name":"Notification","decl":{"start":{"line":3,"column":24},"end":{"line":3,"column":36}},"loc":{"start":{"line":3,"column":65},"end":{"line":11,"column":1}}}},"branchMap":{"0":{"loc":{"start":{"line":1,"column":25},"end":{"line":1,"column":null}},"type":"if","locations":[{"start":{"line":1,"column":25},"end":{"line":1,"column":null}}]}},"s":{"0":35,"1":0,"2":0,"3":5,"4":5},"f":{"0":5,"1":0},"b":{"0":[5]}}
,"C:/Users/lesha/OneDrive/Документы/VSCode/react/RSSchoolReact/src/components/Form/RadioBtns.tsx": {"path":"C:/Users/lesha/OneDrive/Документы/VSCode/react/RSSchoolReact/src/components/Form/RadioBtns.tsx","statementMap":{"0":{"start":{"line":1,"column":25},"end":{"line":1,"column":null}},"1":{"start":{"line":7,"column":2},"end":{"line":23,"column":null}},"2":{"start":{"line":10,"column":8},"end":{"line":20,"column":null}},"3":{"start":{"line":25,"column":1},"end":{"line":6,"column":33}},"4":{"start":{"line":6,"column":33},"end":{"line":6,"column":34}}},"fnMap":{"0":{"name":"(anonymous_0)","decl":{"start":{"line":1,"column":25},"end":{"line":1,"column":null}},"loc":{"start":{"line":1,"column":25},"end":{"line":1,"column":null}}},"1":{"name":"RadioBtns","decl":{"start":{"line":6,"column":24},"end":{"line":6,"column":33}},"loc":{"start":{"line":6,"column":82},"end":{"line":25,"column":1}}},"2":{"name":"(anonymous_2)","decl":{"start":{"line":9,"column":19},"end":{"line":9,"column":null}},"loc":{"start":{"line":10,"column":8},"end":{"line":20,"column":null}}}},"branchMap":{"0":{"loc":{"start":{"line":1,"column":25},"end":{"line":1,"column":null}},"type":"if","locations":[{"start":{"line":1,"column":25},"end":{"line":1,"column":null}}]}},"s":{"0":35,"1":4,"2":8,"3":5,"4":5},"f":{"0":5,"1":4,"2":8},"b":{"0":[5]}}
,"C:/Users/lesha/OneDrive/Документы/VSCode/react/RSSchoolReact/src/components/Form/Select.tsx": {"path":"C:/Users/lesha/OneDrive/Документы/VSCode/react/RSSchoolReact/src/components/Form/Select.tsx","statementMap":{"0":{"start":{"line":1,"column":25},"end":{"line":1,"column":null}},"1":{"start":{"line":7,"column":2},"end":{"line":28,"column":null}},"2":{"start":{"line":22,"column":10},"end":{"line":24,"column":null}},"3":{"start":{"line":30,"column":1},"end":{"line":6,"column":32}},"4":{"start":{"line":6,"column":32},"end":{"line":6,"column":33}}},"fnMap":{"0":{"name":"(anonymous_0)","decl":{"start":{"line":1,"column":25},"end":{"line":1,"column":null}},"loc":{"start":{"line":1,"column":25},"end":{"line":1,"column":null}}},"1":{"name":"MySelect","decl":{"start":{"line":6,"column":24},"end":{"line":6,"column":32}},"loc":{"start":{"line":6,"column":81},"end":{"line":30,"column":1}}},"2":{"name":"(anonymous_2)","decl":{"start":{"line":21,"column":21},"end":{"line":21,"column":null}},"loc":{"start":{"line":22,"column":10},"end":{"line":24,"column":null}}}},"branchMap":{"0":{"loc":{"start":{"line":1,"column":25},"end":{"line":1,"column":null}},"type":"if","locations":[{"start":{"line":1,"column":25},"end":{"line":1,"column":null}}]}},"s":{"0":35,"1":4,"2":16,"3":5,"4":5},"f":{"0":5,"1":4,"2":16},"b":{"0":[5]}}
,"C:/Users/lesha/OneDrive/Документы/VSCode/react/RSSchoolReact/src/components/Form/Tags.tsx": {"path":"C:/Users/lesha/OneDrive/Документы/VSCode/react/RSSchoolReact/src/components/Form/Tags.tsx","statementMap":{"0":{"start":{"line":1,"column":25},"end":{"line":1,"column":null}},"1":{"start":{"line":7,"column":2},"end":{"line":29,"column":null}},"2":{"start":{"line":11,"column":10},"end":{"line":25,"column":null}},"3":{"start":{"line":31,"column":1},"end":{"line":6,"column":28}},"4":{"start":{"line":6,"column":28},"end":{"line":6,"column":29}}},"fnMap":{"0":{"name":"(anonymous_0)","decl":{"start":{"line":1,"column":25},"end":{"line":1,"column":null}},"loc":{"start":{"line":1,"column":25},"end":{"line":1,"column":null}}},"1":{"name":"Tags","decl":{"start":{"line":6,"column":24},"end":{"line":6,"column":28}},"loc":{"start":{"line":6,"column":69},"end":{"line":31,"column":1}}},"2":{"name":"(anonymous_2)","decl":{"start":{"line":10,"column":21},"end":{"line":10,"column":null}},"loc":{"start":{"line":11,"column":10},"end":{"line":25,"column":null}}}},"branchMap":{"0":{"loc":{"start":{"line":1,"column":25},"end":{"line":1,"column":null}},"type":"if","locations":[{"start":{"line":1,"column":25},"end":{"line":1,"column":null}}]}},"s":{"0":35,"1":4,"2":16,"3":5,"4":5},"f":{"0":5,"1":4,"2":16},"b":{"0":[5]}}
,"C:/Users/lesha/OneDrive/Документы/VSCode/react/RSSchoolReact/src/components/FormCardList/Card.tsx": {"path":"C:/Users/lesha/OneDrive/Документы/VSCode/react/RSSchoolReact/src/components/FormCardList/Card.tsx","statementMap":{"0":{"start":{"line":9,"column":2},"end":{"line":25,"column":null}},"1":{"start":{"line":17,"column":12},"end":{"line":19,"column":null}}},"fnMap":{"0":{"name":"newCard","decl":{"start":{"line":8,"column":24},"end":{"line":8,"column":32}},"loc":{"start":{"line":8,"column":50},"end":{"line":27,"column":null}}},"1":{"name":"(anonymous_1)","decl":{"start":{"line":16,"column":29},"end":{"line":16,"column":30}},"loc":{"start":{"line":17,"column":12},"end":{"line":19,"column":null}}}},"branchMap":{"0":{"loc":{"start":{"line":12,"column":41},"end":{"line":12,"column":97}},"type":"cond-expr","locations":[{"start":{"line":12,"column":54},"end":{"line":12,"column":94}},{"start":{"line":12,"column":94},"end":{"line":12,"column":97}}]}},"s":{"0":1,"1":2},"f":{"0":1,"1":2},"b":{"0":[1,0]}}
,"C:/Users/lesha/OneDrive/Документы/VSCode/react/RSSchoolReact/src/components/FormCardList/CardsList.tsx": {"path":"C:/Users/lesha/OneDrive/Документы/VSCode/react/RSSchoolReact/src/components/FormCardList/CardsList.tsx","statementMap":{"0":{"start":{"line":5,"column":36},"end":{"line":5,"column":null}},"1":{"start":{"line":6,"column":16},"end":{"line":6,"column":null}},"2":{"start":{"line":6,"column":42},"end":{"line":6,"column":58}},"3":{"start":{"line":7,"column":2},"end":{"line":13,"column":null}},"4":{"start":{"line":8,"column":4},"end":{"line":11,"column":null}},"5":{"start":{"line":14,"column":2},"end":{"line":19,"column":null}},"6":{"start":{"line":17,"column":8},"end":{"line":17,"column":null}},"7":{"start":{"line":21,"column":1},"end":{"line":6,"column":32}},"8":{"start":{"line":5,"column":33},"end":{"line":6,"column":32}},"9":{"start":{"line":6,"column":30},"end":{"line":5,"column":33}},"10":{"start":{"line":5,"column":33},"end":{"line":5,"column":36}}},"fnMap":{"0":{"name":"CardsList","decl":{"start":{"line":5,"column":24},"end":{"line":5,"column":33}},"loc":{"start":{"line":5,"column":36},"end":{"line":21,"column":1}}},"1":{"name":"(anonymous_2)","decl":{"start":{"line":6,"column":32},"end":{"line":6,"column":42}},"loc":{"start":{"line":6,"column":42},"end":{"line":6,"column":58}}},"2":{"name":"(anonymous_3)","decl":{"start":{"line":16,"column":18},"end":{"line":16,"column":null}},"loc":{"start":{"line":17,"column":8},"end":{"line":17,"column":null}}},"3":{"name":"(anonymous_4)","decl":{"start":{"line":5,"column":33},"end":{"line":5,"column":36}},"loc":{"start":{"line":5,"column":33},"end":{"line":6,"column":32}}}},"branchMap":{"0":{"loc":{"start":{"line":7,"column":2},"end":{"line":13,"column":null}},"type":"if","locations":[{"start":{"line":7,"column":2},"end":{"line":13,"column":null}}]}},"s":{"0":3,"1":3,"2":5,"3":3,"4":2,"5":1,"6":1,"7":5,"8":2,"9":5,"10":5},"f":{"0":3,"1":5,"2":1,"3":2},"b":{"0":[2]}}
,"C:/Users/lesha/OneDrive/Документы/VSCode/react/RSSchoolReact/src/components/Loader/Loader.tsx": {"path":"C:/Users/lesha/OneDrive/Документы/VSCode/react/RSSchoolReact/src/components/Loader/Loader.tsx","statementMap":{"0":{"start":{"line":1,"column":25},"end":{"line":1,"column":null}},"1":{"start":{"line":4,"column":24},"end":{"line":6,"column":null}},"2":{"start":{"line":4,"column":54},"end":{"line":6,"column":null}},"3":{"start":{"line":8,"column":29},"end":{"line":8,"column":null}},"4":{"start":{"line":10,"column":42},"end":{"line":13,"column":null}},"5":{"start":{"line":15,"column":40},"end":{"line":83,"column":2}},"6":{"start":{"line":25,"column":25},"end":{"line":25,"column":null}},"7":{"start":{"line":26,"column":23},"end":{"line":26,"column":null}},"8":{"start":{"line":27,"column":26},"end":{"line":27,"column":null}},"9":{"start":{"line":28,"column":26},"end":{"line":28,"column":null}},"10":{"start":{"line":29,"column":2},"end":{"line":81,"column":null}},"11":{"start":{"line":83,"column":2},"end":{"line":15,"column":40}},"12":{"start":{"line":85,"column":22},"end":{"line":85,"column":null}}},"fnMap":{"0":{"name":"(anonymous_0)","decl":{"start":{"line":1,"column":25},"end":{"line":1,"column":null}},"loc":{"start":{"line":1,"column":25},"end":{"line":1,"column":null}}},"1":{"name":"(anonymous_1)","decl":{"start":{"line":4,"column":24},"end":{"line":4,"column":25}},"loc":{"start":{"line":4,"column":54},"end":{"line":6,"column":null}}},"2":{"name":"(anonymous_2)","decl":{"start":{"line":15,"column":40},"end":{"line":15,"column":41}},"loc":{"start":{"line":24,"column":6},"end":{"line":83,"column":2}}}},"branchMap":{"0":{"loc":{"start":{"line":1,"column":25},"end":{"line":1,"column":null}},"type":"if","locations":[{"start":{"line":1,"column":25},"end":{"line":1,"column":null}}]},"1":{"loc":{"start":{"line":5,"column":11},"end":{"line":5,"column":null}},"type":"cond-expr","locations":[{"start":{"line":5,"column":21},"end":{"line":5,"column":30}},{"start":{"line":5,"column":30},"end":{"line":5,"column":null}}]},"2":{"loc":{"start":{"line":16,"column":2},"end":{"line":16,"column":null}},"type":"default-arg","locations":[{"start":{"line":16,"column":11},"end":{"line":16,"column":null}}]},"3":{"loc":{"start":{"line":17,"column":2},"end":{"line":17,"column":null}},"type":"default-arg","locations":[{"start":{"line":17,"column":10},"end":{"line":17,"column":null}}]},"4":{"loc":{"start":{"line":18,"column":2},"end":{"line":18,"column":null}},"type":"default-arg","locations":[{"start":{"line":18,"column":16},"end":{"line":18,"column":null}}]},"5":{"loc":{"start":{"line":19,"column":2},"end":{"line":19,"column":null}},"type":"default-arg","locations":[{"start":{"line":19,"column":11},"end":{"line":19,"column":null}}]},"6":{"loc":{"start":{"line":20,"column":2},"end":{"line":20,"column":null}},"type":"default-arg","locations":[{"start":{"line":20,"column":10},"end":{"line":20,"column":null}}]},"7":{"loc":{"start":{"line":21,"column":2},"end":{"line":21,"column":null}},"type":"default-arg","locations":[{"start":{"line":21,"column":14},"end":{"line":21,"column":null}}]},"8":{"loc":{"start":{"line":23,"column":2},"end":{"line":23,"column":null}},"type":"default-arg","locations":[{"start":{"line":23,"column":12},"end":{"line":23,"column":null}}]}},"s":{"0":35,"1":5,"2":4,"3":5,"4":5,"5":5,"6":4,"7":4,"8":4,"9":4,"10":4,"11":5,"12":5},"f":{"0":5,"1":4,"2":4},"b":{"0":[5],"1":[4,0],"2":[4],"3":[4],"4":[4],"5":[4],"6":[4],"7":[4],"8":[4]}}
,"C:/Users/lesha/OneDrive/Документы/VSCode/react/RSSchoolReact/src/components/Main/SearchBar.tsx": {"path":"C:/Users/lesha/OneDrive/Документы/VSCode/react/RSSchoolReact/src/components/Main/SearchBar.tsx","statementMap":{"0":{"start":{"line":5,"column":36},"end":{"line":5,"column":null}},"1":{"start":{"line":6,"column":19},"end":{"line":6,"column":null}},"2":{"start":{"line":7,"column":20},"end":{"line":7,"column":null}},"3":{"start":{"line":10,"column":4},"end":{"line":10,"column":null}},"4":{"start":{"line":11,"column":19},"end":{"line":11,"column":null}},"5":{"start":{"line":12,"column":4},"end":{"line":12,"column":null}},"6":{"start":{"line":17,"column":2},"end":{"line":31,"column":null}},"7":{"start":{"line":26,"column":48},"end":{"line":26,"column":66}},"8":{"start":{"line":33,"column":1},"end":{"line":26,"column":38}},"9":{"start":{"line":5,"column":33},"end":{"line":26,"column":38}},"10":{"start":{"line":26,"column":36},"end":{"line":5,"column":33}},"11":{"start":{"line":5,"column":33},"end":{"line":5,"column":36}}},"fnMap":{"0":{"name":"SearchBar","decl":{"start":{"line":5,"column":24},"end":{"line":5,"column":33}},"loc":{"start":{"line":5,"column":36},"end":{"line":33,"column":1}}},"1":{"name":"startSearch","decl":{"start":{"line":9,"column":11},"end":{"line":9,"column":23}},"loc":{"start":{"line":9,"column":60},"end":{"line":15,"column":null}}},"2":{"name":"(anonymous_3)","decl":{"start":{"line":26,"column":38},"end":{"line":26,"column":48}},"loc":{"start":{"line":26,"column":48},"end":{"line":26,"column":66}}},"3":{"name":"(anonymous_4)","decl":{"start":{"line":5,"column":33},"end":{"line":5,"column":36}},"loc":{"start":{"line":5,"column":33},"end":{"line":26,"column":38}}}},"branchMap":{},"s":{"0":1,"1":1,"2":1,"3":0,"4":0,"5":0,"6":1,"7":8,"8":5,"9":1,"10":5,"11":5},"f":{"0":1,"1":0,"2":8,"3":1},"b":{}}
,"C:/Users/lesha/OneDrive/Документы/VSCode/react/RSSchoolReact/src/components/MainCardList/Card.tsx": {"path":"C:/Users/lesha/OneDrive/Документы/VSCode/react/RSSchoolReact/src/components/MainCardList/Card.tsx","statementMap":{"0":{"start":{"line":1,"column":25},"end":{"line":1,"column":null}},"1":{"start":{"line":6,"column":2},"end":{"line":17,"column":null}},"2":{"start":{"line":19,"column":1},"end":{"line":5,"column":28}},"3":{"start":{"line":5,"column":28},"end":{"line":5,"column":29}}},"fnMap":{"0":{"name":"(anonymous_0)","decl":{"start":{"line":1,"column":25},"end":{"line":1,"column":null}},"loc":{"start":{"line":1,"column":25},"end":{"line":1,"column":null}}},"1":{"name":"Card","decl":{"start":{"line":5,"column":24},"end":{"line":5,"column":28}},"loc":{"start":{"line":5,"column":91},"end":{"line":19,"column":1}}}},"branchMap":{"0":{"loc":{"start":{"line":1,"column":25},"end":{"line":1,"column":null}},"type":"if","locations":[{"start":{"line":1,"column":25},"end":{"line":1,"column":null}}]}},"s":{"0":35,"1":40,"2":5,"3":5},"f":{"0":5,"1":40},"b":{"0":[5]}}
,"C:/Users/lesha/OneDrive/Документы/VSCode/react/RSSchoolReact/src/components/MainCardList/CardsList.tsx": {"path":"C:/Users/lesha/OneDrive/Документы/VSCode/react/RSSchoolReact/src/components/MainCardList/CardsList.tsx","statementMap":{"0":{"start":{"line":8,"column":36},"end":{"line":8,"column":null}},"1":{"start":{"line":9,"column":17},"end":{"line":9,"column":null}},"2":{"start":{"line":9,"column":43},"end":{"line":9,"column":61}},"3":{"start":{"line":10,"column":39},"end":{"line":10,"column":null}},"4":{"start":{"line":11,"column":42},"end":{"line":11,"column":null}},"5":{"start":{"line":12,"column":32},"end":{"line":12,"column":null}},"6":{"start":{"line":14,"column":4},"end":{"line":14,"column":null}},"7":{"start":{"line":15,"column":4},"end":{"line":15,"column":null}},"8":{"start":{"line":17,"column":2},"end":{"line":19,"column":null}},"9":{"start":{"line":18,"column":4},"end":{"line":18,"column":null}},"10":{"start":{"line":21,"column":2},"end":{"line":27,"column":null}},"11":{"start":{"line":22,"column":4},"end":{"line":25,"column":null}},"12":{"start":{"line":29,"column":2},"end":{"line":37,"column":null}},"13":{"start":{"line":33,"column":10},"end":{"line":33,"column":null}},"14":{"start":{"line":33,"column":57},"end":{"line":33,"column":76}},"15":{"start":{"line":36,"column":57},"end":{"line":36,"column":80}},"16":{"start":{"line":39,"column":1},"end":{"line":10,"column":56}},"17":{"start":{"line":8,"column":33},"end":{"line":10,"column":56}},"18":{"start":{"line":10,"column":55},"end":{"line":8,"column":33}},"19":{"start":{"line":8,"column":33},"end":{"line":8,"column":36}}},"fnMap":{"0":{"name":"CardsList","decl":{"start":{"line":8,"column":24},"end":{"line":8,"column":33}},"loc":{"start":{"line":8,"column":36},"end":{"line":39,"column":1}}},"1":{"name":"(anonymous_2)","decl":{"start":{"line":9,"column":33},"end":{"line":9,"column":43}},"loc":{"start":{"line":9,"column":43},"end":{"line":9,"column":61}}},"2":{"name":"showModal","decl":{"start":{"line":13,"column":11},"end":{"line":13,"column":21}},"loc":{"start":{"line":13,"column":33},"end":{"line":16,"column":null}}},"3":{"name":"(anonymous_4)","decl":{"start":{"line":32,"column":27},"end":{"line":32,"column":null}},"loc":{"start":{"line":33,"column":10},"end":{"line":33,"column":null}}},"4":{"name":"(anonymous_5)","decl":{"start":{"line":33,"column":51},"end":{"line":33,"column":57}},"loc":{"start":{"line":33,"column":57},"end":{"line":33,"column":76}}},"5":{"name":"(anonymous_6)","decl":{"start":{"line":36,"column":51},"end":{"line":36,"column":57}},"loc":{"start":{"line":36,"column":57},"end":{"line":36,"column":80}}},"6":{"name":"(anonymous_7)","decl":{"start":{"line":8,"column":33},"end":{"line":8,"column":36}},"loc":{"start":{"line":8,"column":33},"end":{"line":10,"column":56}}}},"branchMap":{"0":{"loc":{"start":{"line":17,"column":2},"end":{"line":19,"column":null}},"type":"if","locations":[{"start":{"line":17,"column":2},"end":{"line":19,"column":null}}]},"1":{"loc":{"start":{"line":21,"column":2},"end":{"line":27,"column":null}},"type":"if","locations":[{"start":{"line":21,"column":2},"end":{"line":27,"column":null}}]},"2":{"loc":{"start":{"line":21,"column":6},"end":{"line":21,"column":24}},"type":"binary-expr","locations":[{"start":{"line":21,"column":6},"end":{"line":21,"column":15}},{"start":{"line":21,"column":15},"end":{"line":21,"column":24}}]},"3":{"loc":{"start":{"line":36,"column":7},"end":{"line":36,"column":null}},"type":"cond-expr","locations":[{"start":{"line":36,"column":22},"end":{"line":36,"column":86}},{"start":{"line":36,"column":86},"end":{"line":36,"column":null}}]}},"s":{"0":4,"1":4,"2":12,"3":4,"4":4,"5":4,"6":1,"7":1,"8":4,"9":2,"10":2,"11":0,"12":2,"13":40,"14":1,"15":0,"16":5,"17":1,"18":5,"19":5},"f":{"0":4,"1":12,"2":1,"3":40,"4":1,"5":0,"6":1},"b":{"0":[2],"1":[0],"2":[2,2],"3":[1,1]}}
,"C:/Users/lesha/OneDrive/Документы/VSCode/react/RSSchoolReact/src/components/Modal/Modal.tsx": {"path":"C:/Users/lesha/OneDrive/Документы/VSCode/react/RSSchoolReact/src/components/Modal/Modal.tsx","statementMap":{"0":{"start":{"line":13,"column":36},"end":{"line":33,"column":2}},"1":{"start":{"line":13,"column":57},"end":{"line":13,"column":null}},"2":{"start":{"line":14,"column":30},"end":{"line":14,"column":null}},"3":{"start":{"line":17,"column":4},"end":{"line":19,"column":null}},"4":{"start":{"line":18,"column":6},"end":{"line":18,"column":null}},"5":{"start":{"line":22,"column":2},"end":{"line":31,"column":null}},"6":{"start":{"line":33,"column":2},"end":{"line":14,"column":50}},"7":{"start":{"line":13,"column":33},"end":{"line":14,"column":50}},"8":{"start":{"line":14,"column":49},"end":{"line":13,"column":33}},"9":{"start":{"line":35,"column":21},"end":{"line":35,"column":null}}},"fnMap":{"0":{"name":"(anonymous_1)","decl":{"start":{"line":13,"column":36},"end":{"line":13,"column":37}},"loc":{"start":{"line":13,"column":57},"end":{"line":33,"column":2}}},"1":{"name":"clickHandler","decl":{"start":{"line":16,"column":11},"end":{"line":16,"column":24}},"loc":{"start":{"line":16,"column":61},"end":{"line":20,"column":null}}},"2":{"name":"(anonymous_3)","decl":{"start":{"line":13,"column":33},"end":{"line":13,"column":36}},"loc":{"start":{"line":13,"column":33},"end":{"line":14,"column":50}}}},"branchMap":{"0":{"loc":{"start":{"line":17,"column":4},"end":{"line":19,"column":null}},"type":"if","locations":[{"start":{"line":17,"column":4},"end":{"line":19,"column":null}}]},"1":{"loc":{"start":{"line":29,"column":7},"end":{"line":29,"column":null}},"type":"cond-expr","locations":[{"start":{"line":29,"column":28},"end":{"line":29,"column":41}},{"start":{"line":29,"column":41},"end":{"line":29,"column":null}}]},"2":{"loc":{"start":{"line":29,"column":7},"end":{"line":29,"column":28}},"type":"binary-expr","locations":[{"start":{"line":29,"column":7},"end":{"line":29,"column":16}},{"start":{"line":29,"column":16},"end":{"line":29,"column":28}}]}},"s":{"0":5,"1":3,"2":3,"3":0,"4":0,"5":3,"6":5,"7":1,"8":5,"9":5},"f":{"0":3,"1":0,"2":1},"b":{"0":[0],"1":[2,1],"2":[3,1]}}
,"C:/Users/lesha/OneDrive/Документы/VSCode/react/RSSchoolReact/src/components/Modal/ModalContent.tsx": {"path":"C:/Users/lesha/OneDrive/Документы/VSCode/react/RSSchoolReact/src/components/Modal/ModalContent.tsx","statementMap":{"0":{"start":{"line":1,"column":25},"end":{"line":1,"column":null}},"1":{"start":{"line":11,"column":2},"end":{"line":55,"column":null}},"2":{"start":{"line":12,"column":4},"end":{"line":53,"column":null}},"3":{"start":{"line":55,"column":9},"end":{"line":55,"column":null}},"4":{"start":{"line":56,"column":1},"end":{"line":10,"column":36}},"5":{"start":{"line":10,"column":36},"end":{"line":10,"column":37}}},"fnMap":{"0":{"name":"(anonymous_0)","decl":{"start":{"line":1,"column":25},"end":{"line":1,"column":null}},"loc":{"start":{"line":1,"column":25},"end":{"line":1,"column":null}}},"1":{"name":"ModalContent","decl":{"start":{"line":10,"column":24},"end":{"line":10,"column":36}},"loc":{"start":{"line":10,"column":68},"end":{"line":56,"column":1}}}},"branchMap":{"0":{"loc":{"start":{"line":1,"column":25},"end":{"line":1,"column":null}},"type":"if","locations":[{"start":{"line":1,"column":25},"end":{"line":1,"column":null}}]},"1":{"loc":{"start":{"line":11,"column":2},"end":{"line":55,"column":null}},"type":"if","locations":[{"start":{"line":11,"column":2},"end":{"line":55,"column":null}},{"start":{"line":55,"column":9},"end":{"line":55,"column":null}}]},"2":{"loc":{"start":{"line":33,"column":15},"end":{"line":33,"column":null}},"type":"binary-expr","locations":[{"start":{"line":33,"column":15},"end":{"line":33,"column":33}},{"start":{"line":33,"column":33},"end":{"line":33,"column":null}}]}},"s":{"0":35,"1":1,"2":1,"3":0,"4":5,"5":5},"f":{"0":5,"1":1},"b":{"0":[5],"1":[1,0],"2":[1,1]}}
,"C:/Users/lesha/OneDrive/Документы/VSCode/react/RSSchoolReact/src/pages/AboutPage.tsx": {"path":"C:/Users/lesha/OneDrive/Документы/VSCode/react/RSSchoolReact/src/pages/AboutPage.tsx","statementMap":{"0":{"start":{"line":1,"column":25},"end":{"line":1,"column":null}},"1":{"start":{"line":4,"column":2},"end":{"line":7,"column":null}},"2":{"start":{"line":9,"column":1},"end":{"line":3,"column":25}},"3":{"start":{"line":3,"column":25},"end":{"line":3,"column":28}}},"fnMap":{"0":{"name":"(anonymous_0)","decl":{"start":{"line":1,"column":25},"end":{"line":1,"column":null}},"loc":{"start":{"line":1,"column":25},"end":{"line":1,"column":null}}},"1":{"name":"AboutPage","decl":{"start":{"line":3,"column":16},"end":{"line":3,"column":25}},"loc":{"start":{"line":3,"column":28},"end":{"line":9,"column":1}}}},"branchMap":{"0":{"loc":{"start":{"line":1,"column":25},"end":{"line":1,"column":null}},"type":"if","locations":[{"start":{"line":1,"column":25},"end":{"line":1,"column":null}}]}},"s":{"0":35,"1":1,"2":5,"3":5},"f":{"0":5,"1":1},"b":{"0":[5]}}
,"C:/Users/lesha/OneDrive/Документы/VSCode/react/RSSchoolReact/src/pages/ErrorPage.tsx": {"path":"C:/Users/lesha/OneDrive/Документы/VSCode/react/RSSchoolReact/src/pages/ErrorPage.tsx","statementMap":{"0":{"start":{"line":1,"column":25},"end":{"line":1,"column":null}},"1":{"start":{"line":5,"column":2},"end":{"line":9,"column":null}},"2":{"start":{"line":11,"column":1},"end":{"line":4,"column":25}},"3":{"start":{"line":4,"column":25},"end":{"line":4,"column":28}}},"fnMap":{"0":{"name":"(anonymous_0)","decl":{"start":{"line":1,"column":25},"end":{"line":1,"column":null}},"loc":{"start":{"line":1,"column":25},"end":{"line":1,"column":null}}},"1":{"name":"ErrorPage","decl":{"start":{"line":4,"column":16},"end":{"line":4,"column":25}},"loc":{"start":{"line":4,"column":28},"end":{"line":11,"column":1}}}},"branchMap":{"0":{"loc":{"start":{"line":1,"column":25},"end":{"line":1,"column":null}},"type":"if","locations":[{"start":{"line":1,"column":25},"end":{"line":1,"column":null}}]}},"s":{"0":35,"1":1,"2":5,"3":5},"f":{"0":5,"1":1},"b":{"0":[5]}}
,"C:/Users/lesha/OneDrive/Документы/VSCode/react/RSSchoolReact/src/pages/FormsPage.tsx": {"path":"C:/Users/lesha/OneDrive/Документы/VSCode/react/RSSchoolReact/src/pages/FormsPage.tsx","statementMap":{"0":{"start":{"line":6,"column":28},"end":{"line":6,"column":null}},"1":{"start":{"line":7,"column":56},"end":{"line":7,"column":null}},"2":{"start":{"line":9,"column":57},"end":{"line":9,"column":null}},"3":{"start":{"line":13,"column":4},"end":{"line":13,"column":null}},"4":{"start":{"line":13,"column":15},"end":{"line":13,"column":null}},"5":{"start":{"line":14,"column":4},"end":{"line":14,"column":null}},"6":{"start":{"line":15,"column":4},"end":{"line":17,"column":null}},"7":{"start":{"line":16,"column":6},"end":{"line":16,"column":null}},"8":{"start":{"line":20,"column":2},"end":{"line":27,"column":null}},"9":{"start":{"line":29,"column":1},"end":{"line":6,"column":28}},"10":{"start":{"line":6,"column":25},"end":{"line":null,"column":-1}},"11":{"start":{"line":6,"column":25},"end":{"line":6,"column":28}}},"fnMap":{"0":{"name":"FormsPage","decl":{"start":{"line":6,"column":16},"end":{"line":6,"column":25}},"loc":{"start":{"line":6,"column":28},"end":{"line":29,"column":1}}},"1":{"name":"showNotification","decl":{"start":{"line":12,"column":11},"end":{"line":12,"column":30}},"loc":{"start":{"line":12,"column":30},"end":{"line":18,"column":null}}},"2":{"name":"(anonymous_3)","decl":{"start":{"line":15,"column":23},"end":{"line":15,"column":29}},"loc":{"start":{"line":15,"column":29},"end":{"line":17,"column":7}}}},"branchMap":{"0":{"loc":{"start":{"line":13,"column":4},"end":{"line":13,"column":null}},"type":"if","locations":[{"start":{"line":13,"column":4},"end":{"line":13,"column":null}}]},"1":{"loc":{"start":{"line":25,"column":9},"end":{"line":25,"column":null}},"type":"cond-expr","locations":[{"start":{"line":25,"column":31},"end":{"line":25,"column":71}},{"start":{"line":25,"column":71},"end":{"line":25,"column":null}}]}},"s":{"0":2,"1":2,"2":2,"3":0,"4":0,"5":0,"6":0,"7":0,"8":2,"9":5,"10":5,"11":5},"f":{"0":2,"1":0,"2":0},"b":{"0":[0],"1":[0,2]}}
,"C:/Users/lesha/OneDrive/Документы/VSCode/react/RSSchoolReact/src/pages/MainPage.tsx": {"path":"C:/Users/lesha/OneDrive/Документы/VSCode/react/RSSchoolReact/src/pages/MainPage.tsx","statementMap":{"0":{"start":{"line":1,"column":39},"end":{"line":1,"column":null}},"1":{"start":{"line":7,"column":2},"end":{"line":14,"column":null}},"2":{"start":{"line":16,"column":1},"end":{"line":6,"column":24}},"3":{"start":{"line":6,"column":24},"end":{"line":6,"column":27}}},"fnMap":{"0":{"name":"(anonymous_0)","decl":{"start":{"line":1,"column":39},"end":{"line":1,"column":null}},"loc":{"start":{"line":1,"column":39},"end":{"line":1,"column":null}}},"1":{"name":"MainPage","decl":{"start":{"line":6,"column":16},"end":{"line":6,"column":24}},"loc":{"start":{"line":6,"column":27},"end":{"line":16,"column":1}}}},"branchMap":{"0":{"loc":{"start":{"line":1,"column":39},"end":{"line":1,"column":null}},"type":"if","locations":[{"start":{"line":1,"column":39},"end":{"line":1,"column":null}}]}},"s":{"0":35,"1":1,"2":5,"3":5},"f":{"0":5,"1":1},"b":{"0":[5]}}
,"C:/Users/lesha/OneDrive/Документы/VSCode/react/RSSchoolReact/src/routes/index.tsx": {"path":"C:/Users/lesha/OneDrive/Документы/VSCode/react/RSSchoolReact/src/routes/index.tsx","statementMap":{"0":{"start":{"line":6,"column":30},"end":{"line":28,"column":null}},"1":{"start":{"line":31,"column":27},"end":{"line":47,"column":null}}},"fnMap":{},"branchMap":{},"s":{"0":5,"1":5},"f":{},"b":{}}
,"C:/Users/lesha/OneDrive/Документы/VSCode/react/RSSchoolReact/src/store/formSlice.ts": {"path":"C:/Users/lesha/OneDrive/Документы/VSCode/react/RSSchoolReact/src/store/formSlice.ts","statementMap":{"0":{"start":{"line":4,"column":23},"end":{"line":4,"column":null}},"1":{"start":{"line":6,"column":18},"end":{"line":16,"column":null}},"2":{"start":{"line":13,"column":6},"end":{"line":13,"column":null}},"3":{"start":{"line":18,"column":27},"end":{"line":18,"column":null}}},"fnMap":{"0":{"name":"(anonymous_0)","decl":{"start":{"line":12,"column":4},"end":{"line":12,"column":12}},"loc":{"start":{"line":12,"column":49},"end":{"line":14,"column":null}}}},"branchMap":{},"s":{"0":5,"1":5,"2":1,"3":5},"f":{"0":1},"b":{}}
,"C:/Users/lesha/OneDrive/Документы/VSCode/react/RSSchoolReact/src/store/hook.ts": {"path":"C:/Users/lesha/OneDrive/Документы/VSCode/react/RSSchoolReact/src/store/hook.ts","statementMap":{"0":{"start":{"line":4,"column":30},"end":{"line":4,"column":null}},"1":{"start":{"line":4,"column":36},"end":{"line":4,"column":null}},"2":{"start":{"line":5,"column":63},"end":{"line":5,"column":null}}},"fnMap":{"0":{"name":"(anonymous_0)","decl":{"start":{"line":4,"column":30},"end":{"line":4,"column":36}},"loc":{"start":{"line":4,"column":36},"end":{"line":4,"column":null}}}},"branchMap":{},"s":{"0":5,"1":5,"2":5},"f":{"0":5},"b":{}}
,"C:/Users/lesha/OneDrive/Документы/VSCode/react/RSSchoolReact/src/store/index.ts": {"path":"C:/Users/lesha/OneDrive/Документы/VSCode/react/RSSchoolReact/src/store/index.ts","statementMap":{"0":{"start":{"line":11,"column":16},"end":{"line":15,"column":null}},"1":{"start":{"line":17,"column":2},"end":{"line":21,"column":null}},"2":{"start":{"line":20,"column":41},"end":{"line":20,"column":null}},"3":{"start":{"line":24,"column":14},"end":{"line":24,"column":null}}},"fnMap":{"0":{"name":"setupStore","decl":{"start":{"line":16,"column":16},"end":{"line":16,"column":27}},"loc":{"start":{"line":16,"column":71},"end":{"line":22,"column":null}}},"1":{"name":"(anonymous_1)","decl":{"start":{"line":20,"column":16},"end":{"line":20,"column":17}},"loc":{"start":{"line":20,"column":41},"end":{"line":20,"column":null}}}},"branchMap":{},"s":{"0":5,"1":5,"2":5,"3":5},"f":{"0":5,"1":5},"b":{}}
,"C:/Users/lesha/OneDrive/Документы/VSCode/react/RSSchoolReact/src/store/rtkApi.ts": {"path":"C:/Users/lesha/OneDrive/Документы/VSCode/react/RSSchoolReact/src/store/rtkApi.ts","statementMap":{"0":{"start":{"line":4,"column":23},"end":{"line":17,"column":null}},"1":{"start":{"line":9,"column":25},"end":{"line":16,"column":null}},"2":{"start":{"line":11,"column":24},"end":{"line":11,"column":null}},"3":{"start":{"line":14,"column":21},"end":{"line":14,"column":null}},"4":{"start":{"line":19,"column":82},"end":{"line":19,"column":null}}},"fnMap":{"0":{"name":"(anonymous_0)","decl":{"start":{"line":9,"column":13},"end":{"line":9,"column":14}},"loc":{"start":{"line":9,"column":25},"end":{"line":16,"column":null}}},"1":{"name":"(anonymous_1)","decl":{"start":{"line":11,"column":13},"end":{"line":11,"column":14}},"loc":{"start":{"line":11,"column":24},"end":{"line":11,"column":null}}},"2":{"name":"(anonymous_2)","decl":{"start":{"line":14,"column":13},"end":{"line":14,"column":14}},"loc":{"start":{"line":14,"column":21},"end":{"line":14,"column":null}}}},"branchMap":{"0":{"loc":{"start":{"line":11,"column":24},"end":{"line":11,"column":null}},"type":"cond-expr","locations":[{"start":{"line":11,"column":31},"end":{"line":11,"column":49}},{"start":{"line":11,"column":49},"end":{"line":11,"column":null}}]}},"s":{"0":5,"1":5,"2":1,"3":1,"4":5},"f":{"0":5,"1":1,"2":1},"b":{"0":[0,1]}}
,"C:/Users/lesha/OneDrive/Документы/VSCode/react/RSSchoolReact/src/store/searchSlice.ts": {"path":"C:/Users/lesha/OneDrive/Документы/VSCode/react/RSSchoolReact/src/store/searchSlice.ts","statementMap":{"0":{"start":{"line":3,"column":20},"end":{"line":13,"column":null}},"1":{"start":{"line":10,"column":6},"end":{"line":10,"column":null}},"2":{"start":{"line":15,"column":37},"end":{"line":15,"column":null}}},"fnMap":{"0":{"name":"(anonymous_0)","decl":{"start":{"line":9,"column":4},"end":{"line":9,"column":22}},"loc":{"start":{"line":9,"column":71},"end":{"line":11,"column":null}}}},"branchMap":{},"s":{"0":5,"1":0,"2":5},"f":{"0":0},"b":{}}
}
