{"total": {"lines":{"total":160,"covered":144,"skipped":0,"pct":90},"statements":{"total":188,"covered":171,"skipped":0,"pct":90.95},"functions":{"total":70,"covered":63,"skipped":0,"pct":90},"branches":{"total":64,"covered":51,"skipped":0,"pct":79.68},"branchesTrue":{"total":0,"covered":0,"skipped":0,"pct":100}}
,"C:/Users/lesha/OneDrive/Документы/VSCode/react/RSSchoolReact/src/App.tsx": {"lines":{"total":4,"covered":4,"skipped":0,"pct":100},"functions":{"total":2,"covered":2,"skipped":0,"pct":100},"statements":{"total":4,"covered":4,"skipped":0,"pct":100},"branches":{"total":1,"covered":1,"skipped":0,"pct":100}}
,"C:/Users/lesha/OneDrive/Документы/VSCode/react/RSSchoolReact/src/entry-client.tsx": {"lines":{"total":4,"covered":4,"skipped":0,"pct":100},"functions":{"total":1,"covered":1,"skipped":0,"pct":100},"statements":{"total":4,"covered":4,"skipped":0,"pct":100},"branches":{"total":0,"covered":0,"skipped":0,"pct":100}}
,"C:/Users/lesha/OneDrive/Документы/VSCode/react/RSSchoolReact/src/entry-server.tsx": {"lines":{"total":0,"covered":0,"skipped":0,"pct":0},"functions":{"total":0,"covered":0,"skipped":0,"pct":0},"statements":{"total":0,"covered":0,"skipped":0,"pct":0},"branches":{"total":0,"covered":0,"skipped":0,"pct":0}}
,"C:/Users/lesha/OneDrive/Документы/VSCode/react/RSSchoolReact/src/components/ErrorMessage.tsx": {"lines":{"total":6,"covered":5,"skipped":0,"pct":83.33},"functions":{"total":2,"covered":2,"skipped":0,"pct":100},"statements":{"total":6,"covered":5,"skipped":0,"pct":83.33},"branches":{"total":4,"covered":2,"skipped":0,"pct":50}}
,"C:/Users/lesha/OneDrive/Документы/VSCode/react/RSSchoolReact/src/components/Header.tsx": {"lines":{"total":9,"covered":9,"skipped":0,"pct":100},"functions":{"total":5,"covered":5,"skipped":0,"pct":100},"statements":{"total":14,"covered":14,"skipped":0,"pct":100},"branches":{"total":5,"covered":4,"skipped":0,"pct":80}}
,"C:/Users/lesha/OneDrive/Документы/VSCode/react/RSSchoolReact/src/components/Form/FormComponent.tsx": {"lines":{"total":14,"covered":14,"skipped":0,"pct":100},"functions":{"total":5,"covered":5,"skipped":0,"pct":100},"statements":{"total":17,"covered":17,"skipped":0,"pct":100},"branches":{"total":12,"covered":10,"skipped":0,"pct":83.33}}
,"C:/Users/lesha/OneDrive/Документы/VSCode/react/RSSchoolReact/src/components/Form/Notification.tsx": {"lines":{"total":5,"covered":3,"skipped":0,"pct":60},"functions":{"total":2,"covered":1,"skipped":0,"pct":50},"statements":{"total":5,"covered":3,"skipped":0,"pct":60},"branches":{"total":1,"covered":1,"skipped":0,"pct":100}}
,"C:/Users/lesha/OneDrive/Документы/VSCode/react/RSSchoolReact/src/components/Form/RadioBtns.tsx": {"lines":{"total":5,"covered":5,"skipped":0,"pct":100},"functions":{"total":3,"covered":3,"skipped":0,"pct":100},"statements":{"total":5,"covered":5,"skipped":0,"pct":100},"branches":{"total":1,"covered":1,"skipped":0,"pct":100}}
,"C:/Users/lesha/OneDrive/Документы/VSCode/react/RSSchoolReact/src/components/Form/Select.tsx": {"lines":{"total":5,"covered":5,"skipped":0,"pct":100},"functions":{"total":3,"covered":3,"skipped":0,"pct":100},"statements":{"total":5,"covered":5,"skipped":0,"pct":100},"branches":{"total":1,"covered":1,"skipped":0,"pct":100}}
,"C:/Users/lesha/OneDrive/Документы/VSCode/react/RSSchoolReact/src/components/Form/Tags.tsx": {"lines":{"total":5,"covered":5,"skipped":0,"pct":100},"functions":{"total":3,"covered":3,"skipped":0,"pct":100},"statements":{"total":5,"covered":5,"skipped":0,"pct":100},"branches":{"total":1,"covered":1,"skipped":0,"pct":100}}
,"C:/Users/lesha/OneDrive/Документы/VSCode/react/RSSchoolReact/src/components/FormCardList/Card.tsx": {"lines":{"total":2,"covered":2,"skipped":0,"pct":100},"functions":{"total":2,"covered":2,"skipped":0,"pct":100},"statements":{"total":2,"covered":2,"skipped":0,"pct":100},"branches":{"total":2,"covered":1,"skipped":0,"pct":50}}
,"C:/Users/lesha/OneDrive/Документы/VSCode/react/RSSchoolReact/src/components/FormCardList/CardsList.tsx": {"lines":{"total":7,"covered":7,"skipped":0,"pct":100},"functions":{"total":4,"covered":4,"skipped":0,"pct":100},"statements":{"total":11,"covered":11,"skipped":0,"pct":100},"branches":{"total":1,"covered":1,"skipped":0,"pct":100}}
,"C:/Users/lesha/OneDrive/Документы/VSCode/react/RSSchoolReact/src/components/Loader/Loader.tsx": {"lines":{"total":12,"covered":12,"skipped":0,"pct":100},"functions":{"total":3,"covered":3,"skipped":0,"pct":100},"statements":{"total":13,"covered":13,"skipped":0,"pct":100},"branches":{"total":10,"covered":9,"skipped":0,"pct":90}}
,"C:/Users/lesha/OneDrive/Документы/VSCode/react/RSSchoolReact/src/components/Main/SearchBar.tsx": {"lines":{"total":9,"covered":6,"skipped":0,"pct":66.66},"functions":{"total":4,"covered":3,"skipped":0,"pct":75},"statements":{"total":12,"covered":9,"skipped":0,"pct":75},"branches":{"total":0,"covered":0,"skipped":0,"pct":100}}
,"C:/Users/lesha/OneDrive/Документы/VSCode/react/RSSchoolReact/src/components/MainCardList/Card.tsx": {"lines":{"total":4,"covered":4,"skipped":0,"pct":100},"functions":{"total":2,"covered":2,"skipped":0,"pct":100},"statements":{"total":4,"covered":4,"skipped":0,"pct":100},"branches":{"total":1,"covered":1,"skipped":0,"pct":100}}
,"C:/Users/lesha/OneDrive/Документы/VSCode/react/RSSchoolReact/src/components/MainCardList/CardsList.tsx": {"lines":{"total":15,"covered":13,"skipped":0,"pct":86.66},"functions":{"total":7,"covered":6,"skipped":0,"pct":85.71},"statements":{"total":20,"covered":18,"skipped":0,"pct":90},"branches":{"total":6,"covered":5,"skipped":0,"pct":83.33}}
,"C:/Users/lesha/OneDrive/Документы/VSCode/react/RSSchoolReact/src/components/Modal/Modal.tsx": {"lines":{"total":7,"covered":5,"skipped":0,"pct":71.42},"functions":{"total":3,"covered":2,"skipped":0,"pct":66.66},"statements":{"total":10,"covered":8,"skipped":0,"pct":80},"branches":{"total":5,"covered":4,"skipped":0,"pct":80}}
,"C:/Users/lesha/OneDrive/Документы/VSCode/react/RSSchoolReact/src/components/Modal/ModalContent.tsx": {"lines":{"total":6,"covered":5,"skipped":0,"pct":83.33},"functions":{"total":2,"covered":2,"skipped":0,"pct":100},"statements":{"total":6,"covered":5,"skipped":0,"pct":83.33},"branches":{"total":5,"covered":4,"skipped":0,"pct":80}}
,"C:/Users/lesha/OneDrive/Документы/VSCode/react/RSSchoolReact/src/pages/AboutPage.tsx": {"lines":{"total":4,"covered":4,"skipped":0,"pct":100},"functions":{"total":2,"covered":2,"skipped":0,"pct":100},"statements":{"total":4,"covered":4,"skipped":0,"pct":100},"branches":{"total":1,"covered":1,"skipped":0,"pct":100}}
,"C:/Users/lesha/OneDrive/Документы/VSCode/react/RSSchoolReact/src/pages/ErrorPage.tsx": {"lines":{"total":4,"covered":4,"skipped":0,"pct":100},"functions":{"total":2,"covered":2,"skipped":0,"pct":100},"statements":{"total":4,"covered":4,"skipped":0,"pct":100},"branches":{"total":1,"covered":1,"skipped":0,"pct":100}}
,"C:/Users/lesha/OneDrive/Документы/VSCode/react/RSSchoolReact/src/pages/FormsPage.tsx": {"lines":{"total":9,"covered":5,"skipped":0,"pct":55.55},"functions":{"total":3,"covered":1,"skipped":0,"pct":33.33},"statements":{"total":12,"covered":7,"skipped":0,"pct":58.33},"branches":{"total":3,"covered":1,"skipped":0,"pct":33.33}}
,"C:/Users/lesha/OneDrive/Документы/VSCode/react/RSSchoolReact/src/pages/MainPage.tsx": {"lines":{"total":4,"covered":4,"skipped":0,"pct":100},"functions":{"total":2,"covered":2,"skipped":0,"pct":100},"statements":{"total":4,"covered":4,"skipped":0,"pct":100},"branches":{"total":1,"covered":1,"skipped":0,"pct":100}}
,"C:/Users/lesha/OneDrive/Документы/VSCode/react/RSSchoolReact/src/routes/index.tsx": {"lines":{"total":2,"covered":2,"skipped":0,"pct":100},"functions":{"total":0,"covered":0,"skipped":0,"pct":100},"statements":{"total":2,"covered":2,"skipped":0,"pct":100},"branches":{"total":0,"covered":0,"skipped":0,"pct":100}}
,"C:/Users/lesha/OneDrive/Документы/VSCode/react/RSSchoolReact/src/store/formSlice.ts": {"lines":{"total":4,"covered":4,"skipped":0,"pct":100},"functions":{"total":1,"covered":1,"skipped":0,"pct":100},"statements":{"total":4,"covered":4,"skipped":0,"pct":100},"branches":{"total":0,"covered":0,"skipped":0,"pct":100}}
,"C:/Users/lesha/OneDrive/Документы/VSCode/react/RSSchoolReact/src/store/hook.ts": {"lines":{"total":2,"covered":2,"skipped":0,"pct":100},"functions":{"total":1,"covered":1,"skipped":0,"pct":100},"statements":{"total":3,"covered":3,"skipped":0,"pct":100},"branches":{"total":0,"covered":0,"skipped":0,"pct":100}}
,"C:/Users/lesha/OneDrive/Документы/VSCode/react/RSSchoolReact/src/store/index.ts": {"lines":{"total":4,"covered":4,"skipped":0,"pct":100},"functions":{"total":2,"covered":2,"skipped":0,"pct":100},"statements":{"total":4,"covered":4,"skipped":0,"pct":100},"branches":{"total":0,"covered":0,"skipped":0,"pct":100}}
,"C:/Users/lesha/OneDrive/Документы/VSCode/react/RSSchoolReact/src/store/rtkApi.ts": {"lines":{"total":5,"covered":5,"skipped":0,"pct":100},"functions":{"total":3,"covered":3,"skipped":0,"pct":100},"statements":{"total":5,"covered":5,"skipped":0,"pct":100},"branches":{"total":2,"covered":1,"skipped":0,"pct":50}}
,"C:/Users/lesha/OneDrive/Документы/VSCode/react/RSSchoolReact/src/store/searchSlice.ts": {"lines":{"total":3,"covered":2,"skipped":0,"pct":66.66},"functions":{"total":1,"covered":0,"skipped":0,"pct":0},"statements":{"total":3,"covered":2,"skipped":0,"pct":66.66},"branches":{"total":0,"covered":0,"skipped":0,"pct":100}}
}
