TN:
SF:src\App.tsx
FN:1,(anonymous_0)
FN:8,App
FNF:2
FNH:2
FNDA:5,(anonymous_0)
FNDA:4,App
DA:1,35
DA:9,4
DA:17,5
DA:19,5
LF:4
LH:4
BRDA:1,0,0,5
BRF:1
BRH:1
end_of_record
TN:
SF:src\entry-client.tsx
FN:9,hydrate
FNF:1
FNH:1
FNDA:5,hydrate
DA:7,5
DA:10,5
DA:12,5
DA:17,5
LF:4
LH:4
BRF:0
BRH:0
end_of_record
TN:
SF:src\entry-server.tsx
FNF:0
FNH:0
LF:0
LH:0
BRF:0
BRH:0
end_of_record
TN:
SF:src\components\ErrorMessage.tsx
FN:1,(anonymous_0)
FN:4,WarningBanner
FNF:2
FNH:2
FNDA:5,(anonymous_0)
FNDA:24,WarningBanner
DA:1,35
DA:4,5
DA:5,24
DA:6,24
DA:9,0
DA:10,5
LF:6
LH:5
BRDA:1,0,0,5
BRDA:5,1,0,24
BRDA:9,2,0,0
BRDA:9,2,1,0
BRF:4
BRH:2
end_of_record
TN:
SF:src\components\Header.tsx
FN:1,(anonymous_0)
FN:6,Header
FN:7,(anonymous_2)
FN:12,(anonymous_3)
FNF:4
FNH:4
FNDA:5,(anonymous_0)
FNDA:4,Header
FNDA:12,(anonymous_2)
FNDA:16,(anonymous_3)
DA:1,35
DA:6,5
DA:7,12
DA:8,4
DA:13,16
DA:14,4
DA:16,12
DA:25,5
LF:8
LH:8
BRDA:1,0,0,5
BRDA:7,1,0,4
BRDA:7,1,1,8
BRDA:13,2,0,4
BRF:4
BRH:4
end_of_record
TN:
SF:src\components\Form\FormComponent.tsx
FN:18,FormComponent
FN:31,(anonymous_2)
FN:86,(anonymous_3)
FN:87,(anonymous_4)
FN:18,(anonymous_5)
FNF:5
FNH:5
FNDA:4,FormComponent
FNDA:1,(anonymous_2)
FNDA:1,(anonymous_3)
FNDA:1,(anonymous_4)
FNDA:2,(anonymous_5)
DA:14,5
DA:15,5
DA:16,5
DA:18,5
DA:25,4
DA:30,5
DA:31,4
DA:32,1
DA:39,1
DA:42,4
DA:44,4
DA:86,1
DA:87,1
DA:119,5
LF:14
LH:14
BRDA:74,0,0,1
BRDA:74,0,1,3
BRDA:74,1,0,4
BRDA:74,1,1,1
BRDA:86,2,0,1
BRDA:86,2,1,0
BRDA:87,3,0,1
BRDA:87,3,1,0
BRDA:92,4,0,1
BRDA:92,4,1,3
BRDA:92,5,0,4
BRDA:92,5,1,1
BRF:12
BRH:10
end_of_record
TN:
SF:src\components\Form\Notification.tsx
FN:1,(anonymous_0)
FN:3,Notification
FNF:2
FNH:1
FNDA:5,(anonymous_0)
FNDA:0,Notification
DA:1,35
DA:3,5
DA:4,0
DA:6,0
DA:11,5
LF:5
LH:3
BRDA:1,0,0,5
BRF:1
BRH:1
end_of_record
TN:
SF:src\components\Form\RadioBtns.tsx
FN:1,(anonymous_0)
FN:6,RadioBtns
FN:9,(anonymous_2)
FNF:3
FNH:3
FNDA:5,(anonymous_0)
FNDA:4,RadioBtns
FNDA:8,(anonymous_2)
DA:1,35
DA:6,5
DA:7,4
DA:10,8
DA:25,5
LF:5
LH:5
BRDA:1,0,0,5
BRF:1
BRH:1
end_of_record
TN:
SF:src\components\Form\Select.tsx
FN:1,(anonymous_0)
FN:6,MySelect
FN:21,(anonymous_2)
FNF:3
FNH:3
FNDA:5,(anonymous_0)
FNDA:4,MySelect
FNDA:16,(anonymous_2)
DA:1,35
DA:6,5
DA:7,4
DA:22,16
DA:30,5
LF:5
LH:5
BRDA:1,0,0,5
BRF:1
BRH:1
end_of_record
TN:
SF:src\components\Form\Tags.tsx
FN:1,(anonymous_0)
FN:6,Tags
FN:10,(anonymous_2)
FNF:3
FNH:3
FNDA:5,(anonymous_0)
FNDA:4,Tags
FNDA:16,(anonymous_2)
DA:1,35
DA:6,5
DA:7,4
DA:11,16
DA:31,5
LF:5
LH:5
BRDA:1,0,0,5
BRF:1
BRH:1
end_of_record
TN:
SF:src\components\FormCardList\Card.tsx
FN:8,newCard
FN:16,(anonymous_1)
FNF:2
FNH:2
FNDA:1,newCard
FNDA:2,(anonymous_1)
DA:9,1
DA:17,2
LF:2
LH:2
BRDA:12,0,0,1
BRDA:12,0,1,0
BRF:2
BRH:1
end_of_record
TN:
SF:src\components\FormCardList\CardsList.tsx
FN:5,CardsList
FN:6,(anonymous_2)
FN:16,(anonymous_3)
FN:5,(anonymous_4)
FNF:4
FNH:4
FNDA:3,CardsList
FNDA:5,(anonymous_2)
FNDA:1,(anonymous_3)
FNDA:2,(anonymous_4)
DA:5,5
DA:6,5
DA:7,3
DA:8,2
DA:14,1
DA:17,1
DA:21,5
LF:7
LH:7
BRDA:7,0,0,2
BRF:1
BRH:1
end_of_record
TN:
SF:src\components\Loader\Loader.tsx
FN:1,(anonymous_0)
FN:4,(anonymous_1)
FN:15,(anonymous_2)
FNF:3
FNH:3
FNDA:5,(anonymous_0)
FNDA:4,(anonymous_1)
FNDA:4,(anonymous_2)
DA:1,35
DA:4,5
DA:8,5
DA:10,5
DA:15,5
DA:25,4
DA:26,4
DA:27,4
DA:28,4
DA:29,4
DA:83,5
DA:85,5
LF:12
LH:12
BRDA:1,0,0,5
BRDA:5,1,0,4
BRDA:5,1,1,0
BRDA:16,2,0,4
BRDA:17,3,0,4
BRDA:18,4,0,4
BRDA:19,5,0,4
BRDA:20,6,0,4
BRDA:21,7,0,4
BRDA:23,8,0,4
BRF:10
BRH:9
end_of_record
TN:
SF:src\components\Main\SearchBar.tsx
FN:5,SearchBar
FN:9,startSearch
FN:26,(anonymous_3)
FN:5,(anonymous_4)
FNF:4
FNH:3
FNDA:1,SearchBar
FNDA:0,startSearch
FNDA:8,(anonymous_3)
FNDA:1,(anonymous_4)
DA:5,5
DA:6,1
DA:7,1
DA:10,0
DA:11,0
DA:12,0
DA:17,1
DA:26,8
DA:33,5
LF:9
LH:6
BRF:0
BRH:0
end_of_record
TN:
SF:src\components\MainCardList\Card.tsx
FN:1,(anonymous_0)
FN:5,Card
FNF:2
FNH:2
FNDA:5,(anonymous_0)
FNDA:40,Card
DA:1,35
DA:5,5
DA:6,40
DA:19,5
LF:4
LH:4
BRDA:1,0,0,5
BRF:1
BRH:1
end_of_record
TN:
SF:src\components\MainCardList\CardsList.tsx
FN:8,CardsList
FN:9,(anonymous_2)
FN:13,showModal
FN:32,(anonymous_4)
FN:33,(anonymous_5)
FN:36,(anonymous_6)
FN:8,(anonymous_7)
FNF:7
FNH:6
FNDA:4,CardsList
FNDA:12,(anonymous_2)
FNDA:1,showModal
FNDA:40,(anonymous_4)
FNDA:1,(anonymous_5)
FNDA:0,(anonymous_6)
FNDA:1,(anonymous_7)
DA:8,5
DA:9,12
DA:10,5
DA:11,4
DA:12,4
DA:14,1
DA:15,1
DA:17,4
DA:18,2
DA:21,2
DA:22,0
DA:29,2
DA:33,40
DA:36,0
DA:39,5
LF:15
LH:13
BRDA:17,0,0,2
BRDA:21,1,0,0
BRDA:21,2,0,2
BRDA:21,2,1,2
BRDA:36,3,0,1
BRDA:36,3,1,1
BRF:6
BRH:5
end_of_record
TN:
SF:src\components\Modal\Modal.tsx
FN:13,(anonymous_1)
FN:16,clickHandler
FN:13,(anonymous_3)
FNF:3
FNH:2
FNDA:3,(anonymous_1)
FNDA:0,clickHandler
FNDA:1,(anonymous_3)
DA:13,5
DA:14,5
DA:17,0
DA:18,0
DA:22,3
DA:33,5
DA:35,5
LF:7
LH:5
BRDA:17,0,0,0
BRDA:29,1,0,2
BRDA:29,1,1,1
BRDA:29,2,0,3
BRDA:29,2,1,1
BRF:5
BRH:4
end_of_record
TN:
SF:src\components\Modal\ModalContent.tsx
FN:1,(anonymous_0)
FN:10,ModalContent
FNF:2
FNH:2
FNDA:5,(anonymous_0)
FNDA:1,ModalContent
DA:1,35
DA:10,5
DA:11,1
DA:12,1
DA:55,0
DA:56,5
LF:6
LH:5
BRDA:1,0,0,5
BRDA:11,1,0,1
BRDA:11,1,1,0
BRDA:33,2,0,1
BRDA:33,2,1,1
BRF:5
BRH:4
end_of_record
TN:
SF:src\pages\AboutPage.tsx
FN:1,(anonymous_0)
FN:3,AboutPage
FNF:2
FNH:2
FNDA:5,(anonymous_0)
FNDA:1,AboutPage
DA:1,35
DA:3,5
DA:4,1
DA:9,5
LF:4
LH:4
BRDA:1,0,0,5
BRF:1
BRH:1
end_of_record
TN:
SF:src\pages\ErrorPage.tsx
FN:1,(anonymous_0)
FN:4,ErrorPage
FNF:2
FNH:2
FNDA:5,(anonymous_0)
FNDA:1,ErrorPage
DA:1,35
DA:4,5
DA:5,1
DA:11,5
LF:4
LH:4
BRDA:1,0,0,5
BRF:1
BRH:1
end_of_record
TN:
SF:src\pages\FormsPage.tsx
FN:7,FormsPage
FN:13,showNotification
FN:16,(anonymous_3)
FNF:3
FNH:1
FNDA:2,FormsPage
FNDA:0,showNotification
FNDA:0,(anonymous_3)
DA:7,5
DA:8,2
DA:10,2
DA:14,0
DA:15,0
DA:16,0
DA:17,0
DA:21,2
DA:30,5
LF:9
LH:5
BRDA:14,0,0,0
BRDA:26,1,0,0
BRDA:26,1,1,2
BRF:3
BRH:1
end_of_record
TN:
SF:src\pages\MainPage.tsx
FN:1,(anonymous_0)
FN:6,MainPage
FNF:2
FNH:2
FNDA:5,(anonymous_0)
FNDA:1,MainPage
DA:1,35
DA:6,5
DA:7,1
DA:17,5
LF:4
LH:4
BRDA:1,0,0,5
BRF:1
BRH:1
end_of_record
TN:
SF:src\routes\index.ts
FNF:0
FNH:0
DA:3,5
LF:1
LH:1
BRF:0
BRH:0
end_of_record
TN:
SF:src\routes\test.tsx
FN:31,(anonymous_0)
FN:31,(anonymous_1)
FN:32,(anonymous_2)
FN:34,mainLoader
FNF:4
FNH:0
FNDA:0,(anonymous_0)
FNDA:0,(anonymous_1)
FNDA:0,(anonymous_2)
FNDA:0,mainLoader
DA:6,5
DA:31,5
DA:32,5
DA:35,0
DA:36,0
LF:5
LH:3
BRDA:31,0,0,0
BRF:1
BRH:0
end_of_record
TN:
SF:src\store\formSlice.ts
FN:12,(anonymous_0)
FNF:1
FNH:1
FNDA:1,(anonymous_0)
DA:4,5
DA:6,5
DA:13,1
DA:18,5
LF:4
LH:4
BRF:0
BRH:0
end_of_record
TN:
SF:src\store\hook.ts
FN:4,(anonymous_0)
FNF:1
FNH:1
FNDA:5,(anonymous_0)
DA:4,5
DA:5,5
LF:2
LH:2
BRF:0
BRH:0
end_of_record
TN:
SF:src\store\index.ts
FN:10,setupStore
FN:14,(anonymous_1)
FNF:2
FNH:2
FNDA:5,setupStore
FNDA:5,(anonymous_1)
DA:5,5
DA:11,5
DA:14,5
DA:18,5
LF:4
LH:4
BRF:0
BRH:0
end_of_record
TN:
SF:src\store\rtkApi.ts
FN:20,(anonymous_0)
FN:22,(anonymous_1)
FN:25,(anonymous_2)
FNF:3
FNH:3
FNDA:5,(anonymous_0)
FNDA:1,(anonymous_1)
FNDA:1,(anonymous_2)
DA:15,5
DA:20,5
DA:22,1
DA:25,1
DA:30,5
LF:5
LH:5
BRDA:22,0,0,0
BRDA:22,0,1,1
BRF:2
BRH:1
end_of_record
TN:
SF:src\store\searchSlice.ts
FN:9,(anonymous_0)
FNF:1
FNH:0
FNDA:0,(anonymous_0)
DA:3,5
DA:10,0
DA:15,5
LF:3
LH:2
BRF:0
BRH:0
end_of_record
